# --| ALYA convergence  
# --| Columns displayed:
# --|  1. Time Step             2. Block number           3. Current time      
# --|  4. Global residual       5. Resid. coupling 1      6. Resid coupling 2  
# --|  7. Resid coupling 3      8. => All other residuals                      
#              1             2             3             4             5             6             7             8
               1             1   0.20000000E-002   0.00000000E+000   0.00000000E+000   0.00000000E+000   0.00000000E+000   0.00000000E+000
               2             1   0.40000000E-002   0.25000000E+000   0.00000000E+000   0.00000000E+000   0.00000000E+000   0.10000000E+001
               3             1   0.60000000E-002   0.29643688E-003   0.00000000E+000   0.00000000E+000   0.00000000E+000   0.11857475E-002
               4             1   0.80000000E-002   0.29455098E-003   0.00000000E+000   0.00000000E+000   0.00000000E+000   0.11782039E-002
               5             1   0.10000000E-001   0.29267565E-003   0.00000000E+000   0.00000000E+000   0.00000000E+000   0.11707026E-002
               6             1   0.12000000E-001   0.29081090E-003   0.00000000E+000   0.00000000E+000   0.00000000E+000   0.11632436E-002
               7             1   0.14000000E-001   0.28895668E-003   0.00000000E+000   0.00000000E+000   0.00000000E+000   0.11558267E-002
               8             1   0.16000000E-001   0.28711296E-003   0.00000000E+000   0.00000000E+000   0.00000000E+000   0.11484518E-002
               9             1   0.18000000E-001   0.28527966E-003   0.00000000E+000   0.00000000E+000   0.00000000E+000   0.11411187E-002
              10             1   0.20000000E-001   0.28345675E-003   0.00000000E+000   0.00000000E+000   0.00000000E+000   0.11338270E-002
              11             1   0.22000000E-001   0.28164418E-003   0.00000000E+000   0.00000000E+000   0.00000000E+000   0.11265767E-002
              12             1   0.24000000E-001   0.27984188E-003   0.00000000E+000   0.00000000E+000   0.00000000E+000   0.11193675E-002
              13             1   0.26000000E-001   0.27804981E-003   0.00000000E+000   0.00000000E+000   0.00000000E+000   0.11121992E-002
              14             1   0.28000000E-001   0.27626792E-003   0.00000000E+000   0.00000000E+000   0.00000000E+000   0.11050717E-002
              15             1   0.30000000E-001   0.27449616E-003   0.00000000E+000   0.00000000E+000   0.00000000E+000   0.10979846E-002
              16             1   0.32000000E-001   0.27273447E-003   0.00000000E+000   0.00000000E+000   0.00000000E+000   0.10909379E-002
              17             1   0.34000000E-001   0.27098282E-003   0.00000000E+000   0.00000000E+000   0.00000000E+000   0.10839313E-002
              18             1   0.36000000E-001   0.26924113E-003   0.00000000E+000   0.00000000E+000   0.00000000E+000   0.10769645E-002
              19             1   0.38000000E-001   0.26750938E-003   0.00000000E+000   0.00000000E+000   0.00000000E+000   0.10700375E-002
              20             1   0.40000000E-001   0.26578750E-003   0.00000000E+000   0.00000000E+000   0.00000000E+000   0.10631500E-002
              21             1   0.42000000E-001   0.26407545E-003   0.00000000E+000   0.00000000E+000   0.00000000E+000   0.10563018E-002
              22             1   0.44000000E-001   0.26237317E-003   0.00000000E+000   0.00000000E+000   0.00000000E+000   0.10494927E-002
              23             1   0.46000000E-001   0.26068063E-003   0.00000000E+000   0.00000000E+000   0.00000000E+000   0.10427225E-002
              24             1   0.48000000E-001   0.25899776E-003   0.00000000E+000   0.00000000E+000   0.00000000E+000   0.10359911E-002
              25             1   0.50000000E-001   0.25732453E-003   0.00000000E+000   0.00000000E+000   0.00000000E+000   0.10292981E-002
              26             1   0.52000000E-001   0.25566088E-003   0.00000000E+000   0.00000000E+000   0.00000000E+000   0.10226435E-002
              27             1   0.54000000E-001   0.25400676E-003   0.00000000E+000   0.00000000E+000   0.00000000E+000   0.10160270E-002
              28             1   0.56000000E-001   0.25236213E-003   0.00000000E+000   0.00000000E+000   0.00000000E+000   0.10094485E-002
              29             1   0.58000000E-001   0.25072693E-003   0.00000000E+000   0.00000000E+000   0.00000000E+000   0.10029077E-002
              30             1   0.60000000E-001   0.24910113E-003   0.00000000E+000   0.00000000E+000   0.00000000E+000   0.99640452E-003
              31             1   0.62000000E-001   0.24748467E-003   0.00000000E+000   0.00000000E+000   0.00000000E+000   0.98993867E-003
              32             1   0.64000000E-001   0.24587750E-003   0.00000000E+000   0.00000000E+000   0.00000000E+000   0.98351001E-003
              33             1   0.66000000E-001   0.24427959E-003   0.00000000E+000   0.00000000E+000   0.00000000E+000   0.97711834E-003
              34             1   0.68000000E-001   0.24269087E-003   0.00000000E+000   0.00000000E+000   0.00000000E+000   0.97076348E-003
              35             1   0.70000000E-001   0.24111131E-003   0.00000000E+000   0.00000000E+000   0.00000000E+000   0.96444523E-003
              36             1   0.72000000E-001   0.23954085E-003   0.00000000E+000   0.00000000E+000   0.00000000E+000   0.95816341E-003
              37             1   0.74000000E-001   0.23797946E-003   0.00000000E+000   0.00000000E+000   0.00000000E+000   0.95191784E-003
              38             1   0.76000000E-001   0.23642708E-003   0.00000000E+000   0.00000000E+000   0.00000000E+000   0.94570833E-003
              39             1   0.78000000E-001   0.23488367E-003   0.00000000E+000   0.00000000E+000   0.00000000E+000   0.93953470E-003
              40             1   0.80000000E-001   0.23334919E-003   0.00000000E+000   0.00000000E+000   0.00000000E+000   0.93339675E-003
              41             1   0.82000000E-001   0.23182358E-003   0.00000000E+000   0.00000000E+000   0.00000000E+000   0.92729432E-003
              42             1   0.84000000E-001   0.23030681E-003   0.00000000E+000   0.00000000E+000   0.00000000E+000   0.92122722E-003
              43             1   0.86000000E-001   0.22879882E-003   0.00000000E+000   0.00000000E+000   0.00000000E+000   0.91519527E-003
              44             1   0.88000000E-001   0.22729957E-003   0.00000000E+000   0.00000000E+000   0.00000000E+000   0.90919828E-003
              45             1   0.90000000E-001   0.22580902E-003   0.00000000E+000   0.00000000E+000   0.00000000E+000   0.90323608E-003
              46             1   0.92000000E-001   0.22432712E-003   0.00000000E+000   0.00000000E+000   0.00000000E+000   0.89730849E-003
              47             1   0.94000000E-001   0.22285383E-003   0.00000000E+000   0.00000000E+000   0.00000000E+000   0.89141532E-003
              48             1   0.96000000E-001   0.22138910E-003   0.00000000E+000   0.00000000E+000   0.00000000E+000   0.88555642E-003
              49             1   0.98000000E-001   0.21993290E-003   0.00000000E+000   0.00000000E+000   0.00000000E+000   0.87973158E-003
              50             1   0.10000000E+000   0.21848516E-003   0.00000000E+000   0.00000000E+000   0.00000000E+000   0.87394065E-003
              51             1   0.10200000E+000   0.21704586E-003   0.00000000E+000   0.00000000E+000   0.00000000E+000   0.86818345E-003
              52             1   0.10400000E+000   0.21561495E-003   0.00000000E+000   0.00000000E+000   0.00000000E+000   0.86245979E-003
              53             1   0.10600000E+000   0.21419238E-003   0.00000000E+000   0.00000000E+000   0.00000000E+000   0.85676951E-003
              54             1   0.10800000E+000   0.21277811E-003   0.00000000E+000   0.00000000E+000   0.00000000E+000   0.85111244E-003
              55             1   0.11000000E+000   0.21137210E-003   0.00000000E+000   0.00000000E+000   0.00000000E+000   0.84548840E-003
              56             1   0.11200000E+000   0.20997430E-003   0.00000000E+000   0.00000000E+000   0.00000000E+000   0.83989722E-003
              57             1   0.11400000E+000   0.20858468E-003   0.00000000E+000   0.00000000E+000   0.00000000E+000   0.83433873E-003
              58             1   0.11600000E+000   0.20720319E-003   0.00000000E+000   0.00000000E+000   0.00000000E+000   0.82881275E-003
              59             1   0.11800000E+000   0.20582978E-003   0.00000000E+000   0.00000000E+000   0.00000000E+000   0.82331913E-003
              60             1   0.12000000E+000   0.20446442E-003   0.00000000E+000   0.00000000E+000   0.00000000E+000   0.81785769E-003
              61             1   0.12200000E+000   0.20310707E-003   0.00000000E+000   0.00000000E+000   0.00000000E+000   0.81242826E-003
              62             1   0.12400000E+000   0.20175767E-003   0.00000000E+000   0.00000000E+000   0.00000000E+000   0.80703068E-003
              63             1   0.12600000E+000   0.20041619E-003   0.00000000E+000   0.00000000E+000   0.00000000E+000   0.80166478E-003
              64             1   0.12800000E+000   0.19908260E-003   0.00000000E+000   0.00000000E+000   0.00000000E+000   0.79633039E-003
              65             1   0.13000000E+000   0.19775684E-003   0.00000000E+000   0.00000000E+000   0.00000000E+000   0.79102734E-003
              66             1   0.13200000E+000   0.19643887E-003   0.00000000E+000   0.00000000E+000   0.00000000E+000   0.78575549E-003
              67             1   0.13400000E+000   0.19512866E-003   0.00000000E+000   0.00000000E+000   0.00000000E+000   0.78051465E-003
              68             1   0.13600000E+000   0.19382617E-003   0.00000000E+000   0.00000000E+000   0.00000000E+000   0.77530467E-003
              69             1   0.13800000E+000   0.19253135E-003   0.00000000E+000   0.00000000E+000   0.00000000E+000   0.77012538E-003
              70             1   0.14000000E+000   0.19124416E-003   0.00000000E+000   0.00000000E+000   0.00000000E+000   0.76497663E-003
              71             1   0.14200000E+000   0.18996456E-003   0.00000000E+000   0.00000000E+000   0.00000000E+000   0.75985825E-003
              72             1   0.14400000E+000   0.18869252E-003   0.00000000E+000   0.00000000E+000   0.00000000E+000   0.75477008E-003
              73             1   0.14600000E+000   0.18742799E-003   0.00000000E+000   0.00000000E+000   0.00000000E+000   0.74971196E-003
              74             1   0.14800000E+000   0.18617094E-003   0.00000000E+000   0.00000000E+000   0.00000000E+000   0.74468374E-003
              75             1   0.15000000E+000   0.18492131E-003   0.00000000E+000   0.00000000E+000   0.00000000E+000   0.73968525E-003
              76             1   0.15200000E+000   0.18367909E-003   0.00000000E+000   0.00000000E+000   0.00000000E+000   0.73471634E-003
              77             1   0.15400000E+000   0.18244421E-003   0.00000000E+000   0.00000000E+000   0.00000000E+000   0.72977685E-003
              78             1   0.15600000E+000   0.18121666E-003   0.00000000E+000   0.00000000E+000   0.00000000E+000   0.72486662E-003
              79             1   0.15800000E+000   0.17999638E-003   0.00000000E+000   0.00000000E+000   0.00000000E+000   0.71998551E-003
              80             1   0.16000000E+000   0.17878334E-003   0.00000000E+000   0.00000000E+000   0.00000000E+000   0.71513334E-003
              81             1   0.16200000E+000   0.17757749E-003   0.00000000E+000   0.00000000E+000   0.00000000E+000   0.71030998E-003
              82             1   0.16400000E+000   0.17637882E-003   0.00000000E+000   0.00000000E+000   0.00000000E+000   0.70551526E-003
              83             1   0.16600000E+000   0.17518726E-003   0.00000000E+000   0.00000000E+000   0.00000000E+000   0.70074904E-003
              84             1   0.16800000E+000   0.17400279E-003   0.00000000E+000   0.00000000E+000   0.00000000E+000   0.69601116E-003
              85             1   0.17000000E+000   0.17282537E-003   0.00000000E+000   0.00000000E+000   0.00000000E+000   0.69130146E-003
              86             1   0.17200000E+000   0.17165495E-003   0.00000000E+000   0.00000000E+000   0.00000000E+000   0.68661981E-003
              87             1   0.17400000E+000   0.17049151E-003   0.00000000E+000   0.00000000E+000   0.00000000E+000   0.68196605E-003
              88             1   0.17600000E+000   0.16933501E-003   0.00000000E+000   0.00000000E+000   0.00000000E+000   0.67734002E-003
              89             1   0.17800000E+000   0.16818540E-003   0.00000000E+000   0.00000000E+000   0.00000000E+000   0.67274159E-003
              90             1   0.18000000E+000   0.16704265E-003   0.00000000E+000   0.00000000E+000   0.00000000E+000   0.66817060E-003
              91             1   0.18200000E+000   0.16590672E-003   0.00000000E+000   0.00000000E+000   0.00000000E+000   0.66362690E-003
              92             1   0.18400000E+000   0.16477759E-003   0.00000000E+000   0.00000000E+000   0.00000000E+000   0.65911035E-003
              93             1   0.18600000E+000   0.16365520E-003   0.00000000E+000   0.00000000E+000   0.00000000E+000   0.65462080E-003
              94             1   0.18800000E+000   0.16253953E-003   0.00000000E+000   0.00000000E+000   0.00000000E+000   0.65015811E-003
              95             1   0.19000000E+000   0.16143053E-003   0.00000000E+000   0.00000000E+000   0.00000000E+000   0.64572214E-003
              96             1   0.19200000E+000   0.16032818E-003   0.00000000E+000   0.00000000E+000   0.00000000E+000   0.64131273E-003
              97             1   0.19400000E+000   0.15923243E-003   0.00000000E+000   0.00000000E+000   0.00000000E+000   0.63692974E-003
              98             1   0.19600000E+000   0.15814326E-003   0.00000000E+000   0.00000000E+000   0.00000000E+000   0.63257303E-003
              99             1   0.19800000E+000   0.15706062E-003   0.00000000E+000   0.00000000E+000   0.00000000E+000   0.62824246E-003
             100             1   0.20000000E+000   0.15598447E-003   0.00000000E+000   0.00000000E+000   0.00000000E+000   0.62393789E-003
             101             1   0.20200000E+000   0.15491479E-003   0.00000000E+000   0.00000000E+000   0.00000000E+000   0.61965918E-003
             102             1   0.20400000E+000   0.15385154E-003   0.00000000E+000   0.00000000E+000   0.00000000E+000   0.61540618E-003
             103             1   0.20600000E+000   0.15279469E-003   0.00000000E+000   0.00000000E+000   0.00000000E+000   0.61117875E-003
             104             1   0.20800000E+000   0.15174419E-003   0.00000000E+000   0.00000000E+000   0.00000000E+000   0.60697676E-003
             105             1   0.21000000E+000   0.15070002E-003   0.00000000E+000   0.00000000E+000   0.00000000E+000   0.60280007E-003
             106             1   0.21200000E+000   0.14966214E-003   0.00000000E+000   0.00000000E+000   0.00000000E+000   0.59864854E-003
             107             1   0.21400000E+000   0.14863051E-003   0.00000000E+000   0.00000000E+000   0.00000000E+000   0.59452204E-003
             108             1   0.21600000E+000   0.14760510E-003   0.00000000E+000   0.00000000E+000   0.00000000E+000   0.59042042E-003
             109             1   0.21800000E+000   0.14658589E-003   0.00000000E+000   0.00000000E+000   0.00000000E+000   0.58634355E-003
             110             1   0.22000000E+000   0.14557282E-003   0.00000000E+000   0.00000000E+000   0.00000000E+000   0.58229129E-003
             111             1   0.22200000E+000   0.14456588E-003   0.00000000E+000   0.00000000E+000   0.00000000E+000   0.57826352E-003
             112             1   0.22400000E+000   0.14356502E-003   0.00000000E+000   0.00000000E+000   0.00000000E+000   0.57426009E-003
             113             1   0.22600000E+000   0.14257022E-003   0.00000000E+000   0.00000000E+000   0.00000000E+000   0.57028087E-003
             114             1   0.22800000E+000   0.14158143E-003   0.00000000E+000   0.00000000E+000   0.00000000E+000   0.56632574E-003
             115             1   0.23000000E+000   0.14059864E-003   0.00000000E+000   0.00000000E+000   0.00000000E+000   0.56239455E-003
             116             1   0.23200000E+000   0.13962179E-003   0.00000000E+000   0.00000000E+000   0.00000000E+000   0.55848718E-003
             117             1   0.23400000E+000   0.13865087E-003   0.00000000E+000   0.00000000E+000   0.00000000E+000   0.55460349E-003
             118             1   0.23600000E+000   0.13768584E-003   0.00000000E+000   0.00000000E+000   0.00000000E+000   0.55074336E-003
             119             1   0.23800000E+000   0.13672666E-003   0.00000000E+000   0.00000000E+000   0.00000000E+000   0.54690665E-003
             120             1   0.24000000E+000   0.13577331E-003   0.00000000E+000   0.00000000E+000   0.00000000E+000   0.54309324E-003
             121             1   0.24200000E+000   0.13482575E-003   0.00000000E+000   0.00000000E+000   0.00000000E+000   0.53930299E-003
             122             1   0.24400000E+000   0.13388395E-003   0.00000000E+000   0.00000000E+000   0.00000000E+000   0.53553579E-003
             123             1   0.24600000E+000   0.13294787E-003   0.00000000E+000   0.00000000E+000   0.00000000E+000   0.53179149E-003
             124             1   0.24800000E+000   0.13201750E-003   0.00000000E+000   0.00000000E+000   0.00000000E+000   0.52806998E-003
             125             1   0.25000000E+000   0.13109278E-003   0.00000000E+000   0.00000000E+000   0.00000000E+000   0.52437113E-003
             126             1   0.25200000E+000   0.13017370E-003   0.00000000E+000   0.00000000E+000   0.00000000E+000   0.52069482E-003
             127             1   0.25400000E+000   0.12926023E-003   0.00000000E+000   0.00000000E+000   0.00000000E+000   0.51704091E-003
             128             1   0.25600000E+000   0.12835232E-003   0.00000000E+000   0.00000000E+000   0.00000000E+000   0.51340928E-003
             129             1   0.25800000E+000   0.12744995E-003   0.00000000E+000   0.00000000E+000   0.00000000E+000   0.50979982E-003
             130             1   0.26000000E+000   0.12655310E-003   0.00000000E+000   0.00000000E+000   0.00000000E+000   0.50621239E-003
             131             1   0.26200000E+000   0.12566172E-003   0.00000000E+000   0.00000000E+000   0.00000000E+000   0.50264687E-003
             132             1   0.26400000E+000   0.12477579E-003   0.00000000E+000   0.00000000E+000   0.00000000E+000   0.49910315E-003
             133             1   0.26600000E+000   0.12389528E-003   0.00000000E+000   0.00000000E+000   0.00000000E+000   0.49558110E-003
             134             1   0.26800000E+000   0.12302015E-003   0.00000000E+000   0.00000000E+000   0.00000000E+000   0.49208060E-003
             135             1   0.27000000E+000   0.12215038E-003   0.00000000E+000   0.00000000E+000   0.00000000E+000   0.48860153E-003
             136             1   0.27200000E+000   0.12128594E-003   0.00000000E+000   0.00000000E+000   0.00000000E+000   0.48514377E-003
             137             1   0.27400000E+000   0.12042680E-003   0.00000000E+000   0.00000000E+000   0.00000000E+000   0.48170720E-003
             138             1   0.27600000E+000   0.11957292E-003   0.00000000E+000   0.00000000E+000   0.00000000E+000   0.47829170E-003
             139             1   0.27800000E+000   0.11872429E-003   0.00000000E+000   0.00000000E+000   0.00000000E+000   0.47489715E-003
             140             1   0.28000000E+000   0.11788086E-003   0.00000000E+000   0.00000000E+000   0.00000000E+000   0.47152344E-003
             141             1   0.28200000E+000   0.11704261E-003   0.00000000E+000   0.00000000E+000   0.00000000E+000   0.46817046E-003
             142             1   0.28400000E+000   0.11620952E-003   0.00000000E+000   0.00000000E+000   0.00000000E+000   0.46483807E-003
             143             1   0.28600000E+000   0.11538154E-003   0.00000000E+000   0.00000000E+000   0.00000000E+000   0.46152618E-003
             144             1   0.28800000E+000   0.11455866E-003   0.00000000E+000   0.00000000E+000   0.00000000E+000   0.45823465E-003
             145             1   0.29000000E+000   0.11374085E-003   0.00000000E+000   0.00000000E+000   0.00000000E+000   0.45496339E-003
             146             1   0.29200000E+000   0.11292807E-003   0.00000000E+000   0.00000000E+000   0.00000000E+000   0.45171227E-003
             147             1   0.29400000E+000   0.11212029E-003   0.00000000E+000   0.00000000E+000   0.00000000E+000   0.44848118E-003
             148             1   0.29600000E+000   0.11131750E-003   0.00000000E+000   0.00000000E+000   0.00000000E+000   0.44527001E-003
             149             1   0.29800000E+000   0.11051966E-003   0.00000000E+000   0.00000000E+000   0.00000000E+000   0.44207864E-003
             150             1   0.30000000E+000   0.10972674E-003   0.00000000E+000   0.00000000E+000   0.00000000E+000   0.43890697E-003
             151             1   0.30200000E+000   0.10893872E-003   0.00000000E+000   0.00000000E+000   0.00000000E+000   0.43575488E-003
             152             1   0.30400000E+000   0.10815557E-003   0.00000000E+000   0.00000000E+000   0.00000000E+000   0.43262226E-003
             153             1   0.30600000E+000   0.10737725E-003   0.00000000E+000   0.00000000E+000   0.00000000E+000   0.42950901E-003
             154             1   0.30800000E+000   0.10660375E-003   0.00000000E+000   0.00000000E+000   0.00000000E+000   0.42641501E-003
             155             1   0.31000000E+000   0.10583504E-003   0.00000000E+000   0.00000000E+000   0.00000000E+000   0.42334015E-003
             156             1   0.31200000E+000   0.10507108E-003   0.00000000E+000   0.00000000E+000   0.00000000E+000   0.42028432E-003
             157             1   0.31400000E+000   0.10431186E-003   0.00000000E+000   0.00000000E+000   0.00000000E+000   0.41724743E-003
             158             1   0.31600000E+000   0.10355734E-003   0.00000000E+000   0.00000000E+000   0.00000000E+000   0.41422935E-003
             159             1   0.31800000E+000   0.10280750E-003   0.00000000E+000   0.00000000E+000   0.00000000E+000   0.41122998E-003
             160             1   0.32000000E+000   0.10206231E-003   0.00000000E+000   0.00000000E+000   0.00000000E+000   0.40824922E-003
             161             1   0.32200000E+000   0.10132174E-003   0.00000000E+000   0.00000000E+000   0.00000000E+000   0.40528697E-003
             162             1   0.32400000E+000   0.10058578E-003   0.00000000E+000   0.00000000E+000   0.00000000E+000   0.40234310E-003
             163             1   0.32600000E+000   0.99854383E-004   0.00000000E+000   0.00000000E+000   0.00000000E+000   0.39941753E-003
             164             1   0.32800000E+000   0.99127536E-004   0.00000000E+000   0.00000000E+000   0.00000000E+000   0.39651014E-003
             165             1   0.33000000E+000   0.98405210E-004   0.00000000E+000   0.00000000E+000   0.00000000E+000   0.39362084E-003
             166             1   0.33200000E+000   0.97687380E-004   0.00000000E+000   0.00000000E+000   0.00000000E+000   0.39074952E-003
             167             1   0.33400000E+000   0.96974018E-004   0.00000000E+000   0.00000000E+000   0.00000000E+000   0.38789607E-003
             168             1   0.33600000E+000   0.96265100E-004   0.00000000E+000   0.00000000E+000   0.00000000E+000   0.38506040E-003
             169             1   0.33800000E+000   0.95560601E-004   0.00000000E+000   0.00000000E+000   0.00000000E+000   0.38224240E-003
             170             1   0.34000000E+000   0.94860494E-004   0.00000000E+000   0.00000000E+000   0.00000000E+000   0.37944198E-003
             171             1   0.34200000E+000   0.94164756E-004   0.00000000E+000   0.00000000E+000   0.00000000E+000   0.37665902E-003
             172             1   0.34400000E+000   0.93473360E-004   0.00000000E+000   0.00000000E+000   0.00000000E+000   0.37389344E-003
             173             1   0.34600000E+000   0.92786283E-004   0.00000000E+000   0.00000000E+000   0.00000000E+000   0.37114513E-003
             174             1   0.34800000E+000   0.92103499E-004   0.00000000E+000   0.00000000E+000   0.00000000E+000   0.36841399E-003
             175             1   0.35000000E+000   0.91424983E-004   0.00000000E+000   0.00000000E+000   0.00000000E+000   0.36569993E-003
             176             1   0.35200000E+000   0.90750712E-004   0.00000000E+000   0.00000000E+000   0.00000000E+000   0.36300285E-003
             177             1   0.35400000E+000   0.90080660E-004   0.00000000E+000   0.00000000E+000   0.00000000E+000   0.36032264E-003
             178             1   0.35600000E+000   0.89414804E-004   0.00000000E+000   0.00000000E+000   0.00000000E+000   0.35765922E-003
             179             1   0.35800000E+000   0.88753120E-004   0.00000000E+000   0.00000000E+000   0.00000000E+000   0.35501248E-003
             180             1   0.36000000E+000   0.88095583E-004   0.00000000E+000   0.00000000E+000   0.00000000E+000   0.35238233E-003
             181             1   0.36200000E+000   0.87442170E-004   0.00000000E+000   0.00000000E+000   0.00000000E+000   0.34976868E-003
             182             1   0.36400000E+000   0.86792857E-004   0.00000000E+000   0.00000000E+000   0.00000000E+000   0.34717143E-003
             183             1   0.36600000E+000   0.86147619E-004   0.00000000E+000   0.00000000E+000   0.00000000E+000   0.34459048E-003
             184             1   0.36800000E+000   0.85506435E-004   0.00000000E+000   0.00000000E+000   0.00000000E+000   0.34202574E-003
             185             1   0.37000000E+000   0.84869280E-004   0.00000000E+000   0.00000000E+000   0.00000000E+000   0.33947712E-003
             186             1   0.37200000E+000   0.84236131E-004   0.00000000E+000   0.00000000E+000   0.00000000E+000   0.33694453E-003
             187             1   0.37400000E+000   0.83606966E-004   0.00000000E+000   0.00000000E+000   0.00000000E+000   0.33442786E-003
             188             1   0.37600000E+000   0.82981760E-004   0.00000000E+000   0.00000000E+000   0.00000000E+000   0.33192704E-003
             189             1   0.37800000E+000   0.82360491E-004   0.00000000E+000   0.00000000E+000   0.00000000E+000   0.32944197E-003
             190             1   0.38000000E+000   0.81743137E-004   0.00000000E+000   0.00000000E+000   0.00000000E+000   0.32697255E-003
             191             1   0.38200000E+000   0.81129675E-004   0.00000000E+000   0.00000000E+000   0.00000000E+000   0.32451870E-003
             192             1   0.38400000E+000   0.80520082E-004   0.00000000E+000   0.00000000E+000   0.00000000E+000   0.32208033E-003
             193             1   0.38600000E+000   0.79914335E-004   0.00000000E+000   0.00000000E+000   0.00000000E+000   0.31965734E-003
             194             1   0.38800000E+000   0.79312413E-004   0.00000000E+000   0.00000000E+000   0.00000000E+000   0.31724965E-003
             195             1   0.39000000E+000   0.78714294E-004   0.00000000E+000   0.00000000E+000   0.00000000E+000   0.31485718E-003
             196             1   0.39200000E+000   0.78119955E-004   0.00000000E+000   0.00000000E+000   0.00000000E+000   0.31247982E-003
             197             1   0.39400000E+000   0.77529374E-004   0.00000000E+000   0.00000000E+000   0.00000000E+000   0.31011750E-003
             198             1   0.39600000E+000   0.76942530E-004   0.00000000E+000   0.00000000E+000   0.00000000E+000   0.30777012E-003
             199             1   0.39800000E+000   0.76359400E-004   0.00000000E+000   0.00000000E+000   0.00000000E+000   0.30543760E-003
             200             1   0.40000000E+000   0.75779964E-004   0.00000000E+000   0.00000000E+000   0.00000000E+000   0.30311986E-003
             201             1   0.40200000E+000   0.75204200E-004   0.00000000E+000   0.00000000E+000   0.00000000E+000   0.30081680E-003
             202             1   0.40400000E+000   0.74632086E-004   0.00000000E+000   0.00000000E+000   0.00000000E+000   0.29852835E-003
             203             1   0.40600000E+000   0.74063602E-004   0.00000000E+000   0.00000000E+000   0.00000000E+000   0.29625441E-003
             204             1   0.40800000E+000   0.73498726E-004   0.00000000E+000   0.00000000E+000   0.00000000E+000   0.29399490E-003
             205             1   0.41000000E+000   0.72937437E-004   0.00000000E+000   0.00000000E+000   0.00000000E+000   0.29174975E-003
             206             1   0.41200000E+000   0.72379714E-004   0.00000000E+000   0.00000000E+000   0.00000000E+000   0.28951885E-003
             207             1   0.41400000E+000   0.71825536E-004   0.00000000E+000   0.00000000E+000   0.00000000E+000   0.28730215E-003
             208             1   0.41600000E+000   0.71274884E-004   0.00000000E+000   0.00000000E+000   0.00000000E+000   0.28509953E-003
             209             1   0.41800000E+000   0.70727735E-004   0.00000000E+000   0.00000000E+000   0.00000000E+000   0.28291094E-003
             210             1   0.42000000E+000   0.70184071E-004   0.00000000E+000   0.00000000E+000   0.00000000E+000   0.28073628E-003
             211             1   0.42200000E+000   0.69643870E-004   0.00000000E+000   0.00000000E+000   0.00000000E+000   0.27857548E-003
             212             1   0.42400000E+000   0.69107112E-004   0.00000000E+000   0.00000000E+000   0.00000000E+000   0.27642845E-003
             213             1   0.42600000E+000   0.68573777E-004   0.00000000E+000   0.00000000E+000   0.00000000E+000   0.27429511E-003
             214             1   0.42800000E+000   0.68043846E-004   0.00000000E+000   0.00000000E+000   0.00000000E+000   0.27217538E-003
             215             1   0.43000000E+000   0.67517298E-004   0.00000000E+000   0.00000000E+000   0.00000000E+000   0.27006919E-003
             216             1   0.43200000E+000   0.66994113E-004   0.00000000E+000   0.00000000E+000   0.00000000E+000   0.26797645E-003
             217             1   0.43400000E+000   0.66474272E-004   0.00000000E+000   0.00000000E+000   0.00000000E+000   0.26589709E-003
             218             1   0.43600000E+000   0.65957756E-004   0.00000000E+000   0.00000000E+000   0.00000000E+000   0.26383102E-003
             219             1   0.43800000E+000   0.65444544E-004   0.00000000E+000   0.00000000E+000   0.00000000E+000   0.26177818E-003
             220             1   0.44000000E+000   0.64934618E-004   0.00000000E+000   0.00000000E+000   0.00000000E+000   0.25973847E-003
             221             1   0.44200000E+000   0.64427958E-004   0.00000000E+000   0.00000000E+000   0.00000000E+000   0.25771183E-003
             222             1   0.44400000E+000   0.63924545E-004   0.00000000E+000   0.00000000E+000   0.00000000E+000   0.25569818E-003
             223             1   0.44600000E+000   0.63424361E-004   0.00000000E+000   0.00000000E+000   0.00000000E+000   0.25369744E-003
             224             1   0.44800000E+000   0.62927385E-004   0.00000000E+000   0.00000000E+000   0.00000000E+000   0.25170954E-003
             225             1   0.45000000E+000   0.62433600E-004   0.00000000E+000   0.00000000E+000   0.00000000E+000   0.24973440E-003
             226             1   0.45200000E+000   0.61942986E-004   0.00000000E+000   0.00000000E+000   0.00000000E+000   0.24777195E-003
             227             1   0.45400000E+000   0.61455526E-004   0.00000000E+000   0.00000000E+000   0.00000000E+000   0.24582210E-003
             228             1   0.45600000E+000   0.60971200E-004   0.00000000E+000   0.00000000E+000   0.00000000E+000   0.24388480E-003
             229             1   0.45800000E+000   0.60489990E-004   0.00000000E+000   0.00000000E+000   0.00000000E+000   0.24195996E-003
             230             1   0.46000000E+000   0.60011879E-004   0.00000000E+000   0.00000000E+000   0.00000000E+000   0.24004751E-003
             231             1   0.46200000E+000   0.59536847E-004   0.00000000E+000   0.00000000E+000   0.00000000E+000   0.23814739E-003
             232             1   0.46400000E+000   0.59064876E-004   0.00000000E+000   0.00000000E+000   0.00000000E+000   0.23625950E-003
             233             1   0.46600000E+000   0.58595949E-004   0.00000000E+000   0.00000000E+000   0.00000000E+000   0.23438380E-003
             234             1   0.46800000E+000   0.58130048E-004   0.00000000E+000   0.00000000E+000   0.00000000E+000   0.23252019E-003
             235             1   0.47000000E+000   0.57667155E-004   0.00000000E+000   0.00000000E+000   0.00000000E+000   0.23066862E-003
             236             1   0.47200000E+000   0.57207252E-004   0.00000000E+000   0.00000000E+000   0.00000000E+000   0.22882901E-003
             237             1   0.47400000E+000   0.56750322E-004   0.00000000E+000   0.00000000E+000   0.00000000E+000   0.22700129E-003
             238             1   0.47600000E+000   0.56296347E-004   0.00000000E+000   0.00000000E+000   0.00000000E+000   0.22518539E-003
             239             1   0.47800000E+000   0.55845310E-004   0.00000000E+000   0.00000000E+000   0.00000000E+000   0.22338124E-003
             240             1   0.48000000E+000   0.55397194E-004   0.00000000E+000   0.00000000E+000   0.00000000E+000   0.22158877E-003
             241             1   0.48200000E+000   0.54951981E-004   0.00000000E+000   0.00000000E+000   0.00000000E+000   0.21980792E-003
             242             1   0.48400000E+000   0.54509654E-004   0.00000000E+000   0.00000000E+000   0.00000000E+000   0.21803862E-003
             243             1   0.48600000E+000   0.54070197E-004   0.00000000E+000   0.00000000E+000   0.00000000E+000   0.21628079E-003
             244             1   0.48800000E+000   0.53633592E-004   0.00000000E+000   0.00000000E+000   0.00000000E+000   0.21453437E-003
             245             1   0.49000000E+000   0.53199823E-004   0.00000000E+000   0.00000000E+000   0.00000000E+000   0.21279929E-003
             246             1   0.49200000E+000   0.52768873E-004   0.00000000E+000   0.00000000E+000   0.00000000E+000   0.21107549E-003
             247             1   0.49400000E+000   0.52340725E-004   0.00000000E+000   0.00000000E+000   0.00000000E+000   0.20936290E-003
             248             1   0.49600000E+000   0.51923697E-004   0.00000000E+000   0.00000000E+000   0.00000000E+000   0.20769479E-003
             249             1   0.49800000E+000   0.55936165E-003   0.00000000E+000   0.00000000E+000   0.00000000E+000   0.22374466E-002
             250             1   0.50000000E+000   0.25120588E+000   0.00000000E+000   0.00000000E+000   0.10000000E+001   0.48235110E-002
             251             1   0.50010000E+000   0.16869914E+000   0.00000000E+000   0.00000000E+000   0.66718020E+000   0.76163529E-002
             252             1   0.50020000E+000   0.11858607E+000   0.00000000E+000   0.00000000E+000   0.47377530E+000   0.56896530E-003
             253             1   0.50030000E+000   0.89729833E-001   0.00000000E+000   0.00000000E+000   0.35833335E+000   0.58598737E-003
             254             1   0.50040000E+000   0.70844839E-001   0.00000000E+000   0.00000000E+000   0.28277583E+000   0.60353184E-003
             255             1   0.50050000E+000   0.61832744E-001   0.00000000E+000   0.00000000E+000   0.24670939E+000   0.62158297E-003
             256             1   0.50060000E+000   0.54441942E-001   0.00000000E+000   0.00000000E+000   0.21712765E+000   0.64011810E-003
             257             1   0.50070000E+000   0.48108902E-001   0.00000000E+000   0.00000000E+000   0.19177649E+000   0.65912153E-003
             258             1   0.50080000E+000   0.43330664E-001   0.00000000E+000   0.00000000E+000   0.17264408E+000   0.67857373E-003
             259             1   0.50090000E+000   0.39759131E-001   0.00000000E+000   0.00000000E+000   0.15833807E+000   0.69845358E-003
             260             1   0.50100000E+000   0.36710388E-001   0.00000000E+000   0.00000000E+000   0.14612281E+000   0.71873835E-003
             261             1   0.50110000E+000   0.33994687E-001   0.00000000E+000   0.00000000E+000   0.13523934E+000   0.73940765E-003
             262             1   0.50120000E+000   0.31664840E-001   0.00000000E+000   0.00000000E+000   0.12589892E+000   0.76043750E-003
             263             1   0.50130000E+000   0.29776335E-001   0.00000000E+000   0.00000000E+000   0.11832353E+000   0.78180645E-003
