#  --|  Exmedi Convergence File 
#  --|  Columns displayed:
#  --|  1. Time Step   2. Global Iteration   3. Sub Iteration   4. Solver iterations
#  --|  5. Current time  
#  --|  6. Total Res.  7. Intra. Res.        8. Extra. Res.       9. Recov. Res.
#  --|  10. Critical Time Step  11. CPU time 12. Cumulative CPU time
#  --|  
            1          1          1          4     0.20000000E-002   0.15723263E-003   0.15723263E-003   0.00000000E+000   0.00000000E+000   0.10000000E+001   0.16558088E+010   0.00000000E+000
            2          1          1          4     0.40000000E-002   0.20441321E-004   0.20441321E-004   0.00000000E+000   0.00000000E+000   0.10000000E+001   0.13947480E+001   0.13947480E+001
            3          1          1          4     0.60000000E-002   0.37171719E-005   0.37171719E-005   0.00000000E+000   0.00000000E+000   0.10000000E+001   0.13682680E+001   0.27630160E+001
            4          1          1          4     0.80000000E-002   0.97260144E-006   0.97260144E-006   0.00000000E+000   0.00000000E+000   0.10000000E+001   0.13514960E+001   0.41145120E+001
            5          1          1          4     0.10000000E-001   0.10968334E-005   0.10968334E-005   0.00000000E+000   0.00000000E+000   0.10000000E+001   0.13649871E+001   0.54794991E+001
            6          1          1          4     0.12000000E-001   0.11722774E-005   0.11722774E-005   0.00000000E+000   0.00000000E+000   0.10000000E+001   0.13784170E+001   0.68579161E+001
            7          1          1          4     0.14000000E-001   0.11822591E-005   0.11822591E-005   0.00000000E+000   0.00000000E+000   0.10000000E+001   0.13549271E+001   0.82128432E+001
            8          1          1          4     0.16000000E-001   0.11764568E-005   0.11764568E-005   0.00000000E+000   0.00000000E+000   0.10000000E+001   0.13556678E+001   0.95685110E+001
            9          1          1          4     0.18000000E-001   0.11672409E-005   0.11672409E-005   0.00000000E+000   0.00000000E+000   0.10000000E+001   0.13525372E+001   0.10921048E+002
           10          1          1          4     0.20000000E-001   0.11573569E-005   0.11573569E-005   0.00000000E+000   0.00000000E+000   0.10000000E+001   0.13633270E+001   0.12284375E+002
           11          1          1          4     0.22000000E-001   0.11474043E-005   0.11474043E-005   0.00000000E+000   0.00000000E+000   0.10000000E+001   0.13836439E+001   0.13668019E+002
           12          1          1          4     0.24000000E-001   0.11375132E-005   0.11375132E-005   0.00000000E+000   0.00000000E+000   0.10000000E+001   0.14140429E+001   0.15082062E+002
           13          1          1          4     0.26000000E-001   0.11277115E-005   0.11277115E-005   0.00000000E+000   0.00000000E+000   0.10000000E+001   0.13530390E+001   0.16435101E+002
           14          1          1          4     0.28000000E-001   0.11180043E-005   0.11180043E-005   0.00000000E+000   0.00000000E+000   0.10000000E+001   0.13664711E+001   0.17801572E+002
           15          1          1          4     0.30000000E-001   0.11083921E-005   0.11083921E-005   0.00000000E+000   0.00000000E+000   0.10000000E+001   0.13517830E+001   0.19153355E+002
           16          1          1          4     0.32000000E-001   0.10988742E-005   0.10988742E-005   0.00000000E+000   0.00000000E+000   0.10000000E+001   0.13799770E+001   0.20533332E+002
           17          1          1          4     0.34000000E-001   0.10894494E-005   0.10894494E-005   0.00000000E+000   0.00000000E+000   0.10000000E+001   0.13758929E+001   0.21909225E+002
           18          1          1          4     0.36000000E-001   0.10801169E-005   0.10801169E-005   0.00000000E+000   0.00000000E+000   0.10000000E+001   0.13812320E+001   0.23290457E+002
           19          1          1          4     0.38000000E-001   0.10708755E-005   0.10708755E-005   0.00000000E+000   0.00000000E+000   0.10000000E+001   0.13672631E+001   0.24657720E+002
           20          1          1          4     0.40000000E-001   0.10617243E-005   0.10617243E-005   0.00000000E+000   0.00000000E+000   0.10000000E+001   0.13563969E+001   0.26014117E+002
           21          1          1          4     0.42000000E-001   0.10526624E-005   0.10526624E-005   0.00000000E+000   0.00000000E+000   0.10000000E+001   0.13636920E+001   0.27377809E+002
           22          1          1          4     0.44000000E-001   0.10436886E-005   0.10436886E-005   0.00000000E+000   0.00000000E+000   0.10000000E+001   0.13854580E+001   0.28763267E+002
           23          1          1          4     0.46000000E-001   0.10348020E-005   0.10348020E-005   0.00000000E+000   0.00000000E+000   0.10000000E+001   0.13562531E+001   0.30119520E+002
           24          1          1          4     0.48000000E-001   0.10260016E-005   0.10260016E-005   0.00000000E+000   0.00000000E+000   0.10000000E+001   0.13556888E+001   0.31475209E+002
           25          1          1          4     0.50000000E-001   0.10172866E-005   0.10172866E-005   0.00000000E+000   0.00000000E+000   0.10000000E+001   0.13599050E+001   0.32835114E+002
           26          1          1          4     0.52000000E-001   0.10086558E-005   0.10086558E-005   0.00000000E+000   0.00000000E+000   0.10000000E+001   0.13529692E+001   0.34188083E+002
           27          1          1          4     0.54000000E-001   0.10001085E-005   0.10001085E-005   0.00000000E+000   0.00000000E+000   0.10000000E+001   0.13706820E+001   0.35558765E+002
           28          1          1          4     0.56000000E-001   0.99164354E-006   0.99164354E-006   0.00000000E+000   0.00000000E+000   0.10000000E+001   0.13522530E+001   0.36911018E+002
           29          1          1          4     0.58000000E-001   0.98326016E-006   0.98326016E-006   0.00000000E+000   0.00000000E+000   0.10000000E+001   0.13714030E+001   0.38282421E+002
           30          1          1          4     0.60000000E-001   0.97495741E-006   0.97495741E-006   0.00000000E+000   0.00000000E+000   0.10000000E+001   0.13629239E+001   0.39645345E+002
           31          1          1          4     0.62000000E-001   0.96673438E-006   0.96673438E-006   0.00000000E+000   0.00000000E+000   0.10000000E+001   0.13569331E+001   0.41002278E+002
           32          1          1          4     0.64000000E-001   0.95859019E-006   0.95859019E-006   0.00000000E+000   0.00000000E+000   0.10000000E+001   0.13528111E+001   0.42355089E+002
           33          1          1          4     0.66000000E-001   0.95052397E-006   0.95052397E-006   0.00000000E+000   0.00000000E+000   0.10000000E+001   0.13625419E+001   0.43717631E+002
           34          1          1          4     0.68000000E-001   0.94253485E-006   0.94253485E-006   0.00000000E+000   0.00000000E+000   0.10000000E+001   0.13596320E+001   0.45077263E+002
           35          1          1          4     0.70000000E-001   0.93462197E-006   0.93462197E-006   0.00000000E+000   0.00000000E+000   0.10000000E+001   0.13646491E+001   0.46441912E+002
           36          1          1          4     0.72000000E-001   0.92678448E-006   0.92678448E-006   0.00000000E+000   0.00000000E+000   0.10000000E+001   0.13521240E+001   0.47794036E+002
           37          1          1          4     0.74000000E-001   0.91902156E-006   0.91902156E-006   0.00000000E+000   0.00000000E+000   0.10000000E+001   0.13564820E+001   0.49150518E+002
           38          1          1          4     0.76000000E-001   0.91133237E-006   0.91133237E-006   0.00000000E+000   0.00000000E+000   0.10000000E+001   0.13596809E+001   0.50510199E+002
           39          1          1          4     0.78000000E-001   0.90371610E-006   0.90371610E-006   0.00000000E+000   0.00000000E+000   0.10000000E+001   0.13771839E+001   0.51887383E+002
           40          1          1          4     0.80000000E-001   0.89617195E-006   0.89617195E-006   0.00000000E+000   0.00000000E+000   0.10000000E+001   0.13602190E+001   0.53247602E+002
           41          1          1          4     0.82000000E-001   0.88869911E-006   0.88869911E-006   0.00000000E+000   0.00000000E+000   0.10000000E+001   0.13640101E+001   0.54611612E+002
           42          1          1          4     0.84000000E-001   0.88129682E-006   0.88129682E-006   0.00000000E+000   0.00000000E+000   0.10000000E+001   0.13564639E+001   0.55968076E+002
           43          1          1          4     0.86000000E-001   0.87396428E-006   0.87396428E-006   0.00000000E+000   0.00000000E+000   0.10000000E+001   0.13543460E+001   0.57322422E+002
           44          1          1          4     0.88000000E-001   0.86670074E-006   0.86670074E-006   0.00000000E+000   0.00000000E+000   0.10000000E+001   0.13586171E+001   0.58681039E+002
           45          1          1          4     0.90000000E-001   0.85950543E-006   0.85950543E-006   0.00000000E+000   0.00000000E+000   0.10000000E+001   0.13557389E+001   0.60036778E+002
           46          1          1          4     0.92000000E-001   0.85237761E-006   0.85237761E-006   0.00000000E+000   0.00000000E+000   0.10000000E+001   0.13535671E+001   0.61390345E+002
           47          1          1          4     0.94000000E-001   0.84531655E-006   0.84531655E-006   0.00000000E+000   0.00000000E+000   0.10000000E+001   0.13533170E+001   0.62743662E+002
           48          1          1          4     0.96000000E-001   0.83832150E-006   0.83832150E-006   0.00000000E+000   0.00000000E+000   0.10000000E+001   0.13554380E+001   0.64099100E+002
           49          1          1          4     0.98000000E-001   0.83139176E-006   0.83139176E-006   0.00000000E+000   0.00000000E+000   0.10000000E+001   0.13544669E+001   0.65453567E+002
           50          1          1          4     0.10000000E+000   0.82452661E-006   0.82452661E-006   0.00000000E+000   0.00000000E+000   0.10000000E+001   0.13536592E+001   0.66807226E+002
           51          1          1          4     0.10200000E+000   0.81772534E-006   0.81772534E-006   0.00000000E+000   0.00000000E+000   0.10000000E+001   0.13629918E+001   0.68170218E+002
           52          1          1          4     0.10400000E+000   0.81098728E-006   0.81098728E-006   0.00000000E+000   0.00000000E+000   0.10000000E+001   0.13777661E+001   0.69547984E+002
           53          1          1          4     0.10600000E+000   0.80431172E-006   0.80431172E-006   0.00000000E+000   0.00000000E+000   0.10000000E+001   0.13543580E+001   0.70902342E+002
           54          1          1          4     0.10800000E+000   0.79769799E-006   0.79769799E-006   0.00000000E+000   0.00000000E+000   0.10000000E+001   0.13519990E+001   0.72254341E+002
           55          1          1          4     0.11000000E+000   0.79114543E-006   0.79114543E-006   0.00000000E+000   0.00000000E+000   0.10000000E+001   0.13598540E+001   0.73614195E+002
           56          1          1          4     0.11200000E+000   0.78465337E-006   0.78465337E-006   0.00000000E+000   0.00000000E+000   0.10000000E+001   0.13572590E+001   0.74971454E+002
           57          1          1          4     0.11400000E+000   0.77822117E-006   0.77822117E-006   0.00000000E+000   0.00000000E+000   0.10000000E+001   0.13656759E+001   0.76337130E+002
           58          1          1          4     0.11600000E+000   0.77184817E-006   0.77184817E-006   0.00000000E+000   0.00000000E+000   0.10000000E+001   0.13543961E+001   0.77691526E+002
           59          1          1          4     0.11800000E+000   0.76553375E-006   0.76553375E-006   0.00000000E+000   0.00000000E+000   0.10000000E+001   0.13521738E+001   0.79043700E+002
           60          1          1          4     0.12000000E+000   0.75927727E-006   0.75927727E-006   0.00000000E+000   0.00000000E+000   0.10000000E+001   0.13520732E+001   0.80395773E+002
           61          1          1          4     0.12200000E+000   0.75307811E-006   0.75307811E-006   0.00000000E+000   0.00000000E+000   0.10000000E+001   0.13580780E+001   0.81753851E+002
           62          1          1          4     0.12400000E+000   0.74693567E-006   0.74693567E-006   0.00000000E+000   0.00000000E+000   0.10000000E+001   0.13532069E+001   0.83107058E+002
           63          1          1          4     0.12600000E+000   0.74084933E-006   0.74084933E-006   0.00000000E+000   0.00000000E+000   0.10000000E+001   0.13552661E+001   0.84462324E+002
           64          1          1          4     0.12800000E+000   0.73481850E-006   0.73481850E-006   0.00000000E+000   0.00000000E+000   0.10000000E+001   0.13548450E+001   0.85817169E+002
           65          1          1          4     0.13000000E+000   0.72884259E-006   0.72884259E-006   0.00000000E+000   0.00000000E+000   0.10000000E+001   0.13530719E+001   0.87170241E+002
           66          1          1          4     0.13200000E+000   0.72292101E-006   0.72292101E-006   0.00000000E+000   0.00000000E+000   0.10000000E+001   0.13654859E+001   0.88535727E+002
           67          1          1          4     0.13400000E+000   0.71705319E-006   0.71705319E-006   0.00000000E+000   0.00000000E+000   0.10000000E+001   0.13643880E+001   0.89900115E+002
           68          1          1          4     0.13600000E+000   0.71123855E-006   0.71123855E-006   0.00000000E+000   0.00000000E+000   0.10000000E+001   0.13535860E+001   0.91253701E+002
           69          1          1          4     0.13800000E+000   0.70547654E-006   0.70547654E-006   0.00000000E+000   0.00000000E+000   0.10000000E+001   0.13531361E+001   0.92606837E+002
           70          1          1          4     0.14000000E+000   0.69976660E-006   0.69976660E-006   0.00000000E+000   0.00000000E+000   0.10000000E+001   0.13541701E+001   0.93961007E+002
           71          1          1          4     0.14200000E+000   0.69410819E-006   0.69410819E-006   0.00000000E+000   0.00000000E+000   0.10000000E+001   0.13711510E+001   0.95332158E+002
           72          1          1          4     0.14400000E+000   0.68850075E-006   0.68850075E-006   0.00000000E+000   0.00000000E+000   0.10000000E+001   0.13561890E+001   0.96688347E+002
           73          1          1          4     0.14600000E+000   0.68294376E-006   0.68294376E-006   0.00000000E+000   0.00000000E+000   0.10000000E+001   0.13550479E+001   0.98043395E+002
           74          1          1          4     0.14800000E+000   0.67743668E-006   0.67743668E-006   0.00000000E+000   0.00000000E+000   0.10000000E+001   0.13560569E+001   0.99399452E+002
           75          1          1          4     0.15000000E+000   0.67197899E-006   0.67197899E-006   0.00000000E+000   0.00000000E+000   0.10000000E+001   0.13560400E+001   0.10075549E+003
           76          1          1          4     0.15200000E+000   0.66657018E-006   0.66657018E-006   0.00000000E+000   0.00000000E+000   0.10000000E+001   0.13533602E+001   0.10210885E+003
           77          1          1          4     0.15400000E+000   0.66120973E-006   0.66120973E-006   0.00000000E+000   0.00000000E+000   0.10000000E+001   0.13588219E+001   0.10346767E+003
           78          1          1          4     0.15600000E+000   0.65589714E-006   0.65589714E-006   0.00000000E+000   0.00000000E+000   0.10000000E+001   0.13562481E+001   0.10482392E+003
           79          1          1          4     0.15800000E+000   0.65063192E-006   0.65063192E-006   0.00000000E+000   0.00000000E+000   0.10000000E+001   0.13533080E+001   0.10617723E+003
           80          1          1          4     0.16000000E+000   0.64541357E-006   0.64541357E-006   0.00000000E+000   0.00000000E+000   0.10000000E+001   0.13534241E+001   0.10753065E+003
           81          1          1          4     0.16200000E+000   0.64024160E-006   0.64024160E-006   0.00000000E+000   0.00000000E+000   0.10000000E+001   0.13597839E+001   0.10889044E+003
           82          1          1          4     0.16400000E+000   0.63511554E-006   0.63511554E-006   0.00000000E+000   0.00000000E+000   0.10000000E+001   0.13536990E+001   0.11024414E+003
           83          1          1          4     0.16600000E+000   0.63003491E-006   0.63003491E-006   0.00000000E+000   0.00000000E+000   0.10000000E+001   0.13552799E+001   0.11159942E+003
           84          1          1          4     0.16800000E+000   0.62499924E-006   0.62499924E-006   0.00000000E+000   0.00000000E+000   0.10000000E+001   0.13543041E+001   0.11295372E+003
           85          1          1          4     0.17000000E+000   0.62000807E-006   0.62000807E-006   0.00000000E+000   0.00000000E+000   0.10000000E+001   0.13774731E+001   0.11433119E+003
           86          1          1          4     0.17200000E+000   0.61506094E-006   0.61506094E-006   0.00000000E+000   0.00000000E+000   0.10000000E+001   0.13595068E+001   0.11569070E+003
           87          1          1          4     0.17400000E+000   0.61015740E-006   0.61015740E-006   0.00000000E+000   0.00000000E+000   0.10000000E+001   0.13527541E+001   0.11704346E+003
           88          1          1          4     0.17600000E+000   0.60529700E-006   0.60529700E-006   0.00000000E+000   0.00000000E+000   0.10000000E+001   0.13521271E+001   0.11839558E+003
           89          1          1          4     0.17800000E+000   0.60047930E-006   0.60047930E-006   0.00000000E+000   0.00000000E+000   0.10000000E+001   0.13531828E+001   0.11974876E+003
           90          1          1          4     0.18000000E+000   0.59570386E-006   0.59570386E-006   0.00000000E+000   0.00000000E+000   0.10000000E+001   0.13555911E+001   0.12110436E+003
           91          1          1          4     0.18200000E+000   0.59097026E-006   0.59097026E-006   0.00000000E+000   0.00000000E+000   0.10000000E+001   0.13587999E+001   0.12246316E+003
           92          1          1          4     0.18400000E+000   0.58627806E-006   0.58627806E-006   0.00000000E+000   0.00000000E+000   0.10000000E+001   0.13540521E+001   0.12381721E+003
           93          1          1          4     0.18600000E+000   0.58162684E-006   0.58162684E-006   0.00000000E+000   0.00000000E+000   0.10000000E+001   0.13615801E+001   0.12517879E+003
           94          1          1          4     0.18800000E+000   0.57701619E-006   0.57701619E-006   0.00000000E+000   0.00000000E+000   0.10000000E+001   0.13543129E+001   0.12653310E+003
           95          1          1          4     0.19000000E+000   0.57244570E-006   0.57244570E-006   0.00000000E+000   0.00000000E+000   0.10000000E+001   0.13515611E+001   0.12788466E+003
           96          1          1          4     0.19200000E+000   0.56791496E-006   0.56791496E-006   0.00000000E+000   0.00000000E+000   0.10000000E+001   0.13543289E+001   0.12923899E+003
           97          1          1          4     0.19400000E+000   0.56342357E-006   0.56342357E-006   0.00000000E+000   0.00000000E+000   0.10000000E+001   0.13551121E+001   0.13059410E+003
           98          1          1          4     0.19600000E+000   0.55897113E-006   0.55897113E-006   0.00000000E+000   0.00000000E+000   0.10000000E+001   0.13540320E+001   0.13194814E+003
           99          1          1          4     0.19800000E+000   0.55455725E-006   0.55455725E-006   0.00000000E+000   0.00000000E+000   0.10000000E+001   0.13523669E+001   0.13330050E+003
          100          1          1          4     0.20000000E+000   0.55018154E-006   0.55018154E-006   0.00000000E+000   0.00000000E+000   0.10000000E+001   0.13703880E+001   0.13467089E+003
          101          1          1          4     0.20200000E+000   0.54584362E-006   0.54584362E-006   0.00000000E+000   0.00000000E+000   0.10000000E+001   0.13626490E+001   0.13603354E+003
          102          1          1          4     0.20400000E+000   0.54154311E-006   0.54154311E-006   0.00000000E+000   0.00000000E+000   0.10000000E+001   0.13542521E+001   0.13738779E+003
          103          1          1          4     0.20600000E+000   0.53727963E-006   0.53727963E-006   0.00000000E+000   0.00000000E+000   0.10000000E+001   0.13556969E+001   0.13874349E+003
          104          1          1          4     0.20800000E+000   0.53305282E-006   0.53305282E-006   0.00000000E+000   0.00000000E+000   0.10000000E+001   0.13565710E+001   0.14010006E+003
          105          1          1          4     0.21000000E+000   0.52886231E-006   0.52886231E-006   0.00000000E+000   0.00000000E+000   0.10000000E+001   0.13571970E+001   0.14145726E+003
          106          1          1          4     0.21200000E+000   0.52470774E-006   0.52470774E-006   0.00000000E+000   0.00000000E+000   0.10000000E+001   0.13535621E+001   0.14281082E+003
          107          1          1          4     0.21400000E+000   0.52058874E-006   0.52058874E-006   0.00000000E+000   0.00000000E+000   0.10000000E+001   0.13562160E+001   0.14416703E+003
          108          1          1          4     0.21600000E+000   0.51650498E-006   0.51650498E-006   0.00000000E+000   0.00000000E+000   0.10000000E+001   0.13715479E+001   0.14553858E+003
          109          1          1          4     0.21800000E+000   0.51245609E-006   0.51245609E-006   0.00000000E+000   0.00000000E+000   0.10000000E+001   0.13585689E+001   0.14689715E+003
          110          1          1          4     0.22000000E+000   0.50844173E-006   0.50844173E-006   0.00000000E+000   0.00000000E+000   0.10000000E+001   0.13499980E+001   0.14824715E+003
          111          1          1          4     0.22200000E+000   0.50446157E-006   0.50446157E-006   0.00000000E+000   0.00000000E+000   0.10000000E+001   0.13611281E+001   0.14960828E+003
          112          1          1          4     0.22400000E+000   0.50051526E-006   0.50051526E-006   0.00000000E+000   0.00000000E+000   0.10000000E+001   0.13537409E+001   0.15096202E+003
          113          1          1          4     0.22600000E+000   0.49660247E-006   0.49660247E-006   0.00000000E+000   0.00000000E+000   0.10000000E+001   0.13512771E+001   0.15231330E+003
          114          1          1          4     0.22800000E+000   0.49272287E-006   0.49272287E-006   0.00000000E+000   0.00000000E+000   0.10000000E+001   0.13552699E+001   0.15366857E+003
          115          1          1          4     0.23000000E+000   0.48887614E-006   0.48887614E-006   0.00000000E+000   0.00000000E+000   0.10000000E+001   0.13524241E+001   0.15502099E+003
          116          1          1          4     0.23200000E+000   0.48506195E-006   0.48506195E-006   0.00000000E+000   0.00000000E+000   0.10000000E+001   0.13547819E+001   0.15637577E+003
          117          1          1          4     0.23400000E+000   0.48127999E-006   0.48127999E-006   0.00000000E+000   0.00000000E+000   0.10000000E+001   0.13502250E+001   0.15772600E+003
          118          1          1          4     0.23600000E+000   0.47752993E-006   0.47752993E-006   0.00000000E+000   0.00000000E+000   0.10000000E+001   0.13540652E+001   0.15908006E+003
          119          1          1          4     0.23800000E+000   0.47381148E-006   0.47381148E-006   0.00000000E+000   0.00000000E+000   0.10000000E+001   0.13689718E+001   0.16044903E+003
          120          1          1          4     0.24000000E+000   0.47012432E-006   0.47012432E-006   0.00000000E+000   0.00000000E+000   0.10000000E+001   0.13554430E+001   0.16180448E+003
          121          1          1          4     0.24200000E+000   0.46646814E-006   0.46646814E-006   0.00000000E+000   0.00000000E+000   0.10000000E+001   0.13594611E+001   0.16316394E+003
          122          1          1          4     0.24400000E+000   0.46284265E-006   0.46284265E-006   0.00000000E+000   0.00000000E+000   0.10000000E+001   0.13631599E+001   0.16452710E+003
          123          1          1          4     0.24600000E+000   0.45924755E-006   0.45924755E-006   0.00000000E+000   0.00000000E+000   0.10000000E+001   0.13546960E+001   0.16588179E+003
          124          1          1          4     0.24800000E+000   0.45568254E-006   0.45568254E-006   0.00000000E+000   0.00000000E+000   0.10000000E+001   0.13538961E+001   0.16723569E+003
          125          1          1          4     0.25000000E+000   0.45214734E-006   0.45214734E-006   0.00000000E+000   0.00000000E+000   0.10000000E+001   0.13564239E+001   0.16859211E+003
          126          1          1          4     0.25200000E+000   0.44864165E-006   0.44864165E-006   0.00000000E+000   0.00000000E+000   0.10000000E+001   0.13521521E+001   0.16994427E+003
          127          1          1          4     0.25400000E+000   0.44516519E-006   0.44516519E-006   0.00000000E+000   0.00000000E+000   0.10000000E+001   0.13536530E+001   0.17129792E+003
          128          1          1          4     0.25600000E+000   0.44171769E-006   0.44171769E-006   0.00000000E+000   0.00000000E+000   0.10000000E+001   0.13513010E+001   0.17264922E+003
          129          1          1          4     0.25800000E+000   0.43829886E-006   0.43829886E-006   0.00000000E+000   0.00000000E+000   0.10000000E+001   0.13538210E+001   0.17400304E+003
          130          1          1          4     0.26000000E+000   0.43490843E-006   0.43490843E-006   0.00000000E+000   0.00000000E+000   0.10000000E+001   0.13554120E+001   0.17535845E+003
          131          1          1          4     0.26200000E+000   0.43154612E-006   0.43154612E-006   0.00000000E+000   0.00000000E+000   0.10000000E+001   0.13588040E+001   0.17671726E+003
          132          1          1          4     0.26400000E+000   0.42821168E-006   0.42821168E-006   0.00000000E+000   0.00000000E+000   0.10000000E+001   0.13524990E+001   0.17806976E+003
          133          1          1          4     0.26600000E+000   0.42490482E-006   0.42490482E-006   0.00000000E+000   0.00000000E+000   0.10000000E+001   0.13542099E+001   0.17942396E+003
          134          1          1          4     0.26800000E+000   0.42162530E-006   0.42162530E-006   0.00000000E+000   0.00000000E+000   0.10000000E+001   0.13516901E+001   0.18077566E+003
          135          1          1          4     0.27000000E+000   0.41837284E-006   0.41837284E-006   0.00000000E+000   0.00000000E+000   0.10000000E+001   0.13520761E+001   0.18212773E+003
          136          1          1          4     0.27200000E+000   0.41514720E-006   0.41514720E-006   0.00000000E+000   0.00000000E+000   0.10000000E+001   0.13535459E+001   0.18348128E+003
          137          1          1          4     0.27400000E+000   0.41194812E-006   0.41194812E-006   0.00000000E+000   0.00000000E+000   0.10000000E+001   0.13645611E+001   0.18484584E+003
          138          1          1          4     0.27600000E+000   0.40877534E-006   0.40877534E-006   0.00000000E+000   0.00000000E+000   0.10000000E+001   0.13650870E+001   0.18621093E+003
          139          1          1          4     0.27800000E+000   0.40562862E-006   0.40562862E-006   0.00000000E+000   0.00000000E+000   0.10000000E+001   0.13536770E+001   0.18756460E+003
          140          1          1          4     0.28000000E+000   0.40250771E-006   0.40250771E-006   0.00000000E+000   0.00000000E+000   0.10000000E+001   0.13547909E+001   0.18891939E+003
          141          1          1          4     0.28200000E+000   0.39941238E-006   0.39941238E-006   0.00000000E+000   0.00000000E+000   0.10000000E+001   0.13599150E+001   0.19027931E+003
          142          1          1          4     0.28400000E+000   0.39634237E-006   0.39634237E-006   0.00000000E+000   0.00000000E+000   0.10000000E+001   0.13562520E+001   0.19163556E+003
          143          1          1          4     0.28600000E+000   0.39329746E-006   0.39329746E-006   0.00000000E+000   0.00000000E+000   0.10000000E+001   0.13531461E+001   0.19298871E+003
          144          1          1          4     0.28800000E+000   0.39027740E-006   0.39027740E-006   0.00000000E+000   0.00000000E+000   0.10000000E+001   0.13581901E+001   0.19434690E+003
          145          1          1          4     0.29000000E+000   0.38728196E-006   0.38728196E-006   0.00000000E+000   0.00000000E+000   0.10000000E+001   0.13589940E+001   0.19570589E+003
          146          1          1          4     0.29200000E+000   0.38431092E-006   0.38431092E-006   0.00000000E+000   0.00000000E+000   0.10000000E+001   0.13552699E+001   0.19706116E+003
          147          1          1          4     0.29400000E+000   0.38136405E-006   0.38136405E-006   0.00000000E+000   0.00000000E+000   0.10000000E+001   0.13554239E+001   0.19841658E+003
          148          1          1          4     0.29600000E+000   0.37844111E-006   0.37844111E-006   0.00000000E+000   0.00000000E+000   0.10000000E+001   0.13608432E+001   0.19977743E+003
          149          1          1          4     0.29800000E+000   0.37554189E-006   0.37554189E-006   0.00000000E+000   0.00000000E+000   0.10000000E+001   0.13536079E+001   0.20113104E+003
          150          1          1          4     0.30000000E+000   0.37266618E-006   0.37266618E-006   0.00000000E+000   0.00000000E+000   0.10000000E+001   0.13532150E+001   0.20248425E+003
          151          1          1          4     0.30200000E+000   0.36981374E-006   0.36981374E-006   0.00000000E+000   0.00000000E+000   0.10000000E+001   0.13613329E+001   0.20384558E+003
          152          1          1          4     0.30400000E+000   0.36698436E-006   0.36698436E-006   0.00000000E+000   0.00000000E+000   0.10000000E+001   0.13654552E+001   0.20521104E+003
          153          1          1          4     0.30600000E+000   0.36417784E-006   0.36417784E-006   0.00000000E+000   0.00000000E+000   0.10000000E+001   0.13569379E+001   0.20656798E+003
          154          1          1          4     0.30800000E+000   0.36139396E-006   0.36139396E-006   0.00000000E+000   0.00000000E+000   0.10000000E+001   0.13563211E+001   0.20792430E+003
          155          1          1          4     0.31000000E+000   0.35863251E-006   0.35863251E-006   0.00000000E+000   0.00000000E+000   0.10000000E+001   0.13535869E+001   0.20927788E+003
          156          1          1          4     0.31200000E+000   0.35589328E-006   0.35589328E-006   0.00000000E+000   0.00000000E+000   0.10000000E+001   0.13544831E+001   0.21063237E+003
          157          1          1          4     0.31400000E+000   0.35317608E-006   0.35317608E-006   0.00000000E+000   0.00000000E+000   0.10000000E+001   0.13525379E+001   0.21198491E+003
          158          1          1          4     0.31600000E+000   0.35048069E-006   0.35048069E-006   0.00000000E+000   0.00000000E+000   0.10000000E+001   0.13519192E+001   0.21333682E+003
          159          1          1          4     0.31800000E+000   0.34780693E-006   0.34780693E-006   0.00000000E+000   0.00000000E+000   0.10000000E+001   0.13551929E+001   0.21469202E+003
          160          1          1          4     0.32000000E+000   0.34515459E-006   0.34515459E-006   0.00000000E+000   0.00000000E+000   0.10000000E+001   0.13543179E+001   0.21604633E+003
          161          1          1          4     0.32200000E+000   0.34252347E-006   0.34252347E-006   0.00000000E+000   0.00000000E+000   0.10000000E+001   0.13580441E+001   0.21740438E+003
          162          1          1          4     0.32400000E+000   0.33991339E-006   0.33991339E-006   0.00000000E+000   0.00000000E+000   0.10000000E+001   0.13550808E+001   0.21875946E+003
          163          1          1          4     0.32600000E+000   0.33732414E-006   0.33732414E-006   0.00000000E+000   0.00000000E+000   0.10000000E+001   0.13541851E+001   0.22011365E+003
          164          1          1          4     0.32800000E+000   0.33475555E-006   0.33475555E-006   0.00000000E+000   0.00000000E+000   0.10000000E+001   0.13529029E+001   0.22146655E+003
          165          1          1          4     0.33000000E+000   0.33220743E-006   0.33220743E-006   0.00000000E+000   0.00000000E+000   0.10000000E+001   0.13520441E+001   0.22281859E+003
          166          1          1          4     0.33200000E+000   0.32967958E-006   0.32967958E-006   0.00000000E+000   0.00000000E+000   0.10000000E+001   0.13622279E+001   0.22418082E+003
          167          1          1          4     0.33400000E+000   0.32717183E-006   0.32717183E-006   0.00000000E+000   0.00000000E+000   0.10000000E+001   0.13561621E+001   0.22553698E+003
          168          1          1          4     0.33600000E+000   0.32468399E-006   0.32468399E-006   0.00000000E+000   0.00000000E+000   0.10000000E+001   0.13517849E+001   0.22688877E+003
          169          1          1          4     0.33800000E+000   0.32221589E-006   0.32221589E-006   0.00000000E+000   0.00000000E+000   0.10000000E+001   0.13522530E+001   0.22824102E+003
          170          1          1          4     0.34000000E+000   0.31976735E-006   0.31976735E-006   0.00000000E+000   0.00000000E+000   0.10000000E+001   0.13557372E+001   0.22959676E+003
          171          1          1          4     0.34200000E+000   0.31733818E-006   0.31733818E-006   0.00000000E+000   0.00000000E+000   0.10000000E+001   0.13571858E+001   0.23095394E+003
          172          1          1          4     0.34400000E+000   0.31492823E-006   0.31492823E-006   0.00000000E+000   0.00000000E+000   0.10000000E+001   0.13529792E+001   0.23230692E+003
          173          1          1          4     0.34600000E+000   0.31253730E-006   0.31253730E-006   0.00000000E+000   0.00000000E+000   0.10000000E+001   0.13584049E+001   0.23366533E+003
          174          1          1          4     0.34800000E+000   0.31016525E-006   0.31016525E-006   0.00000000E+000   0.00000000E+000   0.10000000E+001   0.13565540E+001   0.23502188E+003
          175          1          1          4     0.35000000E+000   0.30781189E-006   0.30781189E-006   0.00000000E+000   0.00000000E+000   0.10000000E+001   0.13719800E+001   0.23639386E+003
          176          1          1          4     0.35200000E+000   0.30547706E-006   0.30547706E-006   0.00000000E+000   0.00000000E+000   0.10000000E+001   0.13639550E+001   0.23775782E+003
          177          1          1          4     0.35400000E+000   0.30316059E-006   0.30316059E-006   0.00000000E+000   0.00000000E+000   0.10000000E+001   0.13543031E+001   0.23911212E+003
          178          1          1          4     0.35600000E+000   0.30086232E-006   0.30086232E-006   0.00000000E+000   0.00000000E+000   0.10000000E+001   0.13528848E+001   0.24046500E+003
          179          1          1          4     0.35800000E+000   0.29858210E-006   0.29858210E-006   0.00000000E+000   0.00000000E+000   0.10000000E+001   0.13541582E+001   0.24181916E+003
          180          1          1          4     0.36000000E+000   0.29631975E-006   0.29631975E-006   0.00000000E+000   0.00000000E+000   0.10000000E+001   0.13516729E+001   0.24317084E+003
          181          1          1          4     0.36200000E+000   0.29407512E-006   0.29407512E-006   0.00000000E+000   0.00000000E+000   0.10000000E+001   0.13616860E+001   0.24453252E+003
          182          1          1          4     0.36400000E+000   0.29184806E-006   0.29184806E-006   0.00000000E+000   0.00000000E+000   0.10000000E+001   0.13546472E+001   0.24588717E+003
          183          1          1          4     0.36600000E+000   0.28963841E-006   0.28963841E-006   0.00000000E+000   0.00000000E+000   0.10000000E+001   0.13530869E+001   0.24724026E+003
          184          1          1          4     0.36800000E+000   0.28744601E-006   0.28744601E-006   0.00000000E+000   0.00000000E+000   0.10000000E+001   0.13542089E+001   0.24859446E+003
          185          1          1          4     0.37000000E+000   0.28527072E-006   0.28527072E-006   0.00000000E+000   0.00000000E+000   0.10000000E+001   0.13537111E+001   0.24994818E+003
          186          1          1          4     0.37200000E+000   0.28311238E-006   0.28311238E-006   0.00000000E+000   0.00000000E+000   0.10000000E+001   0.13536139E+001   0.25130179E+003
          187          1          1          4     0.37400000E+000   0.28097084E-006   0.28097084E-006   0.00000000E+000   0.00000000E+000   0.10000000E+001   0.13518260E+001   0.25265361E+003
          188          1          1          4     0.37600000E+000   0.27884596E-006   0.27884596E-006   0.00000000E+000   0.00000000E+000   0.10000000E+001   0.13594370E+001   0.25401305E+003
          189          1          1          4     0.37800000E+000   0.27673760E-006   0.27673760E-006   0.00000000E+000   0.00000000E+000   0.10000000E+001   0.13578782E+001   0.25537093E+003
          190          1          1          4     0.38000000E+000   0.27464560E-006   0.27464560E-006   0.00000000E+000   0.00000000E+000   0.10000000E+001   0.13538399E+001   0.25672477E+003
          191          1          1          4     0.38200000E+000   0.27256982E-006   0.27256982E-006   0.00000000E+000   0.00000000E+000   0.10000000E+001   0.13574991E+001   0.25808227E+003
          192          1          1          4     0.38400000E+000   0.27051013E-006   0.27051013E-006   0.00000000E+000   0.00000000E+000   0.10000000E+001   0.13544798E+001   0.25943675E+003
          193          1          1          4     0.38600000E+000   0.26846638E-006   0.26846638E-006   0.00000000E+000   0.00000000E+000   0.10000000E+001   0.13643582E+001   0.26080111E+003
          194          1          1          4     0.38800000E+000   0.26643844E-006   0.26643844E-006   0.00000000E+000   0.00000000E+000   0.10000000E+001   0.13532178E+001   0.26215433E+003
          195          1          1          4     0.39000000E+000   0.26442617E-006   0.26442617E-006   0.00000000E+000   0.00000000E+000   0.10000000E+001   0.13571360E+001   0.26351146E+003
          196          1          1          4     0.39200000E+000   0.26242942E-006   0.26242942E-006   0.00000000E+000   0.00000000E+000   0.10000000E+001   0.13542790E+001   0.26486574E+003
          197          1          1          4     0.39400000E+000   0.26044808E-006   0.26044808E-006   0.00000000E+000   0.00000000E+000   0.10000000E+001   0.13548260E+001   0.26622057E+003
          198          1          1          4     0.39600000E+000   0.25848200E-006   0.25848200E-006   0.00000000E+000   0.00000000E+000   0.10000000E+001   0.13534720E+001   0.26757404E+003
          199          1          1          4     0.39800000E+000   0.25653105E-006   0.25653105E-006   0.00000000E+000   0.00000000E+000   0.10000000E+001   0.13542740E+001   0.26892831E+003
          200          1          1          4     0.40000000E+000   0.25459510E-006   0.25459510E-006   0.00000000E+000   0.00000000E+000   0.10000000E+001   0.13580770E+001   0.27028639E+003
          201          1          1          4     0.40200000E+000   0.25267403E-006   0.25267403E-006   0.00000000E+000   0.00000000E+000   0.10000000E+001   0.13596599E+001   0.27164605E+003
          202          1          1          4     0.40400000E+000   0.25076771E-006   0.25076771E-006   0.00000000E+000   0.00000000E+000   0.10000000E+001   0.13519289E+001   0.27299798E+003
          203          1          1          4     0.40600000E+000   0.24887600E-006   0.24887600E-006   0.00000000E+000   0.00000000E+000   0.10000000E+001   0.13543792E+001   0.27435236E+003
          204          1          1          4     0.40800000E+000   0.24699879E-006   0.24699879E-006   0.00000000E+000   0.00000000E+000   0.10000000E+001   0.13549180E+001   0.27570728E+003
          205          1          1          4     0.41000000E+000   0.24513595E-006   0.24513595E-006   0.00000000E+000   0.00000000E+000   0.10000000E+001   0.13529019E+001   0.27706018E+003
          206          1          1          4     0.41200000E+000   0.24328736E-006   0.24328736E-006   0.00000000E+000   0.00000000E+000   0.10000000E+001   0.13517590E+001   0.27841194E+003
          207          1          1          4     0.41400000E+000   0.24145290E-006   0.24145290E-006   0.00000000E+000   0.00000000E+000   0.10000000E+001   0.13570621E+001   0.27976900E+003
          208          1          1          4     0.41600000E+000   0.23963244E-006   0.23963244E-006   0.00000000E+000   0.00000000E+000   0.10000000E+001   0.13540430E+001   0.28112304E+003
          209          1          1          4     0.41800000E+000   0.23782586E-006   0.23782586E-006   0.00000000E+000   0.00000000E+000   0.10000000E+001   0.13524618E+001   0.28247550E+003
          210          1          1          4     0.42000000E+000   0.23603306E-006   0.23603306E-006   0.00000000E+000   0.00000000E+000   0.10000000E+001   0.13591301E+001   0.28383463E+003
          211          1          1          4     0.42200000E+000   0.23425391E-006   0.23425391E-006   0.00000000E+000   0.00000000E+000   0.10000000E+001   0.13666749E+001   0.28520131E+003
          212          1          1          4     0.42400000E+000   0.23248830E-006   0.23248830E-006   0.00000000E+000   0.00000000E+000   0.10000000E+001   0.13566670E+001   0.28655798E+003
          213          1          1          4     0.42600000E+000   0.23073611E-006   0.23073611E-006   0.00000000E+000   0.00000000E+000   0.10000000E+001   0.13532810E+001   0.28791126E+003
          214          1          1          4     0.42800000E+000   0.22899723E-006   0.22899723E-006   0.00000000E+000   0.00000000E+000   0.10000000E+001   0.13554289E+001   0.28926669E+003
          215          1          1          4     0.43000000E+000   0.22727155E-006   0.22727155E-006   0.00000000E+000   0.00000000E+000   0.10000000E+001   0.13573451E+001   0.29062403E+003
          216          1          1          4     0.43200000E+000   0.22555895E-006   0.22555895E-006   0.00000000E+000   0.00000000E+000   0.10000000E+001   0.13516719E+001   0.29197570E+003
          217          1          1          4     0.43400000E+000   0.22385933E-006   0.22385933E-006   0.00000000E+000   0.00000000E+000   0.10000000E+001   0.13508999E+001   0.29332660E+003
          218          1          1          4     0.43600000E+000   0.22217258E-006   0.22217258E-006   0.00000000E+000   0.00000000E+000   0.10000000E+001   0.13569212E+001   0.29468352E+003
          219          1          1          4     0.43800000E+000   0.22049858E-006   0.22049858E-006   0.00000000E+000   0.00000000E+000   0.10000000E+001   0.13534989E+001   0.29603702E+003
          220          1          1          4     0.44000000E+000   0.21883724E-006   0.21883724E-006   0.00000000E+000   0.00000000E+000   0.10000000E+001   0.13523340E+001   0.29738936E+003
          221          1          1          4     0.44200000E+000   0.21718845E-006   0.21718845E-006   0.00000000E+000   0.00000000E+000   0.10000000E+001   0.13817050E+001   0.29877106E+003
          222          1          1          4     0.44400000E+000   0.21555210E-006   0.21555210E-006   0.00000000E+000   0.00000000E+000   0.10000000E+001   0.13542900E+001   0.30012535E+003
          223          1          1          4     0.44600000E+000   0.21392809E-006   0.21392809E-006   0.00000000E+000   0.00000000E+000   0.10000000E+001   0.13527348E+001   0.30147809E+003
          224          1          1          4     0.44800000E+000   0.21231631E-006   0.21231631E-006   0.00000000E+000   0.00000000E+000   0.10000000E+001   0.13534141E+001   0.30283150E+003
          225          1          1          4     0.45000000E+000   0.21071667E-006   0.21071667E-006   0.00000000E+000   0.00000000E+000   0.10000000E+001   0.13552670E+001   0.30418677E+003
          226          1          1          4     0.45200000E+000   0.20912906E-006   0.20912906E-006   0.00000000E+000   0.00000000E+000   0.10000000E+001   0.13570609E+001   0.30554383E+003
          227          1          1          4     0.45400000E+000   0.20755339E-006   0.20755339E-006   0.00000000E+000   0.00000000E+000   0.10000000E+001   0.13524652E+001   0.30689629E+003
          228          1          1          4     0.45600000E+000   0.20598955E-006   0.20598955E-006   0.00000000E+000   0.00000000E+000   0.10000000E+001   0.13514268E+001   0.30824772E+003
          229          1          1          4     0.45800000E+000   0.20443745E-006   0.20443745E-006   0.00000000E+000   0.00000000E+000   0.10000000E+001   0.13554130E+001   0.30960313E+003
          230          1          1          4     0.46000000E+000   0.20289699E-006   0.20289699E-006   0.00000000E+000   0.00000000E+000   0.10000000E+001   0.13528130E+001   0.31095595E+003
          231          1          1          4     0.46200000E+000   0.20136807E-006   0.20136807E-006   0.00000000E+000   0.00000000E+000   0.10000000E+001   0.13575742E+001   0.31231352E+003
          232          1          1          4     0.46400000E+000   0.19985060E-006   0.19985060E-006   0.00000000E+000   0.00000000E+000   0.10000000E+001   0.13609970E+001   0.31367452E+003
          233          1          1          4     0.46600000E+000   0.19834449E-006   0.19834449E-006   0.00000000E+000   0.00000000E+000   0.10000000E+001   0.13618529E+001   0.31503637E+003
          234          1          1          4     0.46800000E+000   0.19684964E-006   0.19684964E-006   0.00000000E+000   0.00000000E+000   0.10000000E+001   0.13528261E+001   0.31638920E+003
          235          1          1          4     0.47000000E+000   0.19536596E-006   0.19536596E-006   0.00000000E+000   0.00000000E+000   0.10000000E+001   0.13533649E+001   0.31774256E+003
          236          1          1          4     0.47200000E+000   0.19389336E-006   0.19389336E-006   0.00000000E+000   0.00000000E+000   0.10000000E+001   0.13549500E+001   0.31909751E+003
          237          1          1          4     0.47400000E+000   0.19243175E-006   0.19243175E-006   0.00000000E+000   0.00000000E+000   0.10000000E+001   0.13535299E+001   0.32045104E+003
          238          1          1          4     0.47600000E+000   0.19098104E-006   0.19098104E-006   0.00000000E+000   0.00000000E+000   0.10000000E+001   0.13621652E+001   0.32181321E+003
          239          1          1          4     0.47800000E+000   0.18954113E-006   0.18954113E-006   0.00000000E+000   0.00000000E+000   0.10000000E+001   0.13549440E+001   0.32316815E+003
          240          1          1          4     0.48000000E+000   0.18811195E-006   0.18811195E-006   0.00000000E+000   0.00000000E+000   0.10000000E+001   0.13785858E+001   0.32454674E+003
          241          1          1          4     0.48200000E+000   0.18669340E-006   0.18669340E-006   0.00000000E+000   0.00000000E+000   0.10000000E+001   0.13627090E+001   0.32590945E+003
          242          1          1          4     0.48400000E+000   0.18528540E-006   0.18528540E-006   0.00000000E+000   0.00000000E+000   0.10000000E+001   0.13535681E+001   0.32726301E+003
          243          1          1          4     0.48600000E+000   0.18388786E-006   0.18388786E-006   0.00000000E+000   0.00000000E+000   0.10000000E+001   0.13536129E+001   0.32861663E+003
          244          1          1          4     0.48800000E+000   0.18250070E-006   0.18250070E-006   0.00000000E+000   0.00000000E+000   0.10000000E+001   0.13552010E+001   0.32997183E+003
          245          1          1          4     0.49000000E+000   0.18112383E-006   0.18112383E-006   0.00000000E+000   0.00000000E+000   0.10000000E+001   0.13538702E+001   0.33132570E+003
          246          1          1          4     0.49200000E+000   0.82151044E-001   0.82151044E-001   0.00000000E+000   0.00000000E+000   0.10000000E+001   0.13561089E+001   0.33268181E+003
          247          1          1          4     0.49400000E+000   0.70390332E-001   0.70390332E-001   0.00000000E+000   0.00000000E+000   0.10000000E+001   0.13546491E+001   0.33403646E+003
          248          1          1          4     0.49600000E+000   0.23613181E+000   0.23613181E+000   0.00000000E+000   0.00000000E+000   0.10000000E+001   0.13537159E+001   0.33539017E+003
          249          1          1          4     0.49800000E+000   0.36204739E+000   0.36204739E+000   0.00000000E+000   0.00000000E+000   0.10000000E+001   0.13553469E+001   0.33674552E+003
          250          1          1          4     0.50000000E+000   0.41012338E+000   0.41012338E+000   0.00000000E+000   0.00000000E+000   0.10000000E+001   0.52600601E+001   0.34200558E+003
          251          1          1          2     0.50010000E+000   0.26205393E-001   0.26205393E-001   0.00000000E+000   0.00000000E+000   0.10000000E+001   0.30333600E+001   0.34503894E+003
          252          1          1          2     0.50020000E+000   0.32319601E-001   0.32319601E-001   0.00000000E+000   0.00000000E+000   0.10000000E+001   0.30107241E+001   0.34804966E+003
          253          1          1          2     0.50030000E+000   0.30105015E-001   0.30105015E-001   0.00000000E+000   0.00000000E+000   0.10000000E+001   0.37978640E+001   0.35184753E+003
          254          1          1          2     0.50040000E+000   0.23600279E-001   0.23600279E-001   0.00000000E+000   0.00000000E+000   0.10000000E+001   0.30154171E+001   0.35486294E+003
          255          1          1          2     0.50050000E+000   0.24024734E-001   0.24024734E-001   0.00000000E+000   0.00000000E+000   0.10000000E+001   0.22336299E+001   0.35709657E+003
          256          1          1          2     0.50060000E+000   0.23156670E-001   0.23156670E-001   0.00000000E+000   0.00000000E+000   0.10000000E+001   0.22334669E+001   0.35933004E+003
          257          1          1          2     0.50070000E+000   0.20654950E-001   0.20654950E-001   0.00000000E+000   0.00000000E+000   0.10000000E+001   0.22346261E+001   0.36156467E+003
          258          1          1          2     0.50080000E+000   0.16992287E-001   0.16992287E-001   0.00000000E+000   0.00000000E+000   0.10000000E+001   0.22591331E+001   0.36382380E+003
          259          1          1          2     0.50090000E+000   0.22573392E-001   0.22573392E-001   0.00000000E+000   0.00000000E+000   0.10000000E+001   0.22363579E+001   0.36606016E+003
          260          1          1          2     0.50100000E+000   0.19418343E-001   0.19418343E-001   0.00000000E+000   0.00000000E+000   0.10000000E+001   0.22417750E+001   0.36830193E+003
          261          1          1          2     0.50110000E+000   0.17870775E-001   0.17870775E-001   0.00000000E+000   0.00000000E+000   0.10000000E+001   0.22509329E+001   0.37055287E+003
          262          1          1          2     0.50120000E+000   0.18098215E-001   0.18098215E-001   0.00000000E+000   0.00000000E+000   0.10000000E+001   0.22494202E+001   0.37280229E+003
          263          1          1          2     0.50130000E+000   0.15580541E-001   0.15580541E-001   0.00000000E+000   0.00000000E+000   0.10000000E+001   0.22568429E+001   0.37505913E+003
