# --| ALYA Cardiac Cycle Computations
# --| 
# --|  1. Step increment
# --|  2. Iteration number
# --|  3. Cavity #1
# --|  4. Cavity #1: cycle
# --|  5. Cavity #1: phase
# --|  6. Cavity #1: volume
# --|  7. Cavity #1: cavity pressure
# --|  8. Cavity #1: outflow windkessel pressure
# --|  9. Cavity #2
# --|  10. Cavity #2: cycle
# --|  11. Cavity #2: phase
# --|  12. Cavity #2: volume
# --|  13. Cavity #2: cavity pressure
# --|  14. Cavity #2: outflow windkessel pressure
# --| 
          1          1   1   1   0   0.11203657E+003   0.10001000E+003   0.90000000E+005   2   2   0   0.13573836E+003   0.10001000E+003   0.40000000E+005
          2          1   1   1   0   0.11203657E+003   0.20002000E+003   0.90000000E+005   2   2   0   0.13573836E+003   0.20002000E+003   0.40000000E+005
          2          2   1   1   0   0.11203689E+003   0.20002000E+003   0.90000000E+005   2   2   0   0.13573879E+003   0.20002000E+003   0.40000000E+005
          2          3   1   1   0   0.11203721E+003   0.20002000E+003   0.90000000E+005   2   2   0   0.13573923E+003   0.20002000E+003   0.40000000E+005
          2          4   1   1   0   0.11203720E+003   0.20002000E+003   0.90000000E+005   2   2   0   0.13573924E+003   0.20002000E+003   0.40000000E+005
          3          1   1   1   0   0.11203793E+003   0.30003000E+003   0.90000000E+005   2   2   0   0.13574024E+003   0.30003000E+003   0.40000000E+005
          3          2   1   1   0   0.11203797E+003   0.30003000E+003   0.90000000E+005   2   2   0   0.13574048E+003   0.30003000E+003   0.40000000E+005
          3          3   1   1   0   0.11203829E+003   0.30003000E+003   0.90000000E+005   2   2   0   0.13574091E+003   0.30003000E+003   0.40000000E+005
          3          4   1   1   0   0.11203829E+003   0.30003000E+003   0.90000000E+005   2   2   0   0.13574092E+003   0.30003000E+003   0.40000000E+005
          4          1   1   1   0   0.11203967E+003   0.40004000E+003   0.90000000E+005   2   2   0   0.13574304E+003   0.40004000E+003   0.40000000E+005
          4          2   1   1   0   0.11203962E+003   0.40004000E+003   0.90000000E+005   2   2   0   0.13574334E+003   0.40004000E+003   0.40000000E+005
          4          3   1   1   0   0.11203993E+003   0.40004000E+003   0.90000000E+005   2   2   0   0.13574378E+003   0.40004000E+003   0.40000000E+005
          5          1   1   1   0   0.11204175E+003   0.50005000E+003   0.90000000E+005   2   2   0   0.13574701E+003   0.50005000E+003   0.40000000E+005
          5          2   1   1   0   0.11204180E+003   0.50005000E+003   0.90000000E+005   2   2   0   0.13574757E+003   0.50005000E+003   0.40000000E+005
          5          3   1   1   0   0.11204211E+003   0.50005000E+003   0.90000000E+005   2   2   0   0.13574800E+003   0.50005000E+003   0.40000000E+005
          6          1   1   1   0   0.11204446E+003   0.60006000E+003   0.90000000E+005   2   2   0   0.13575265E+003   0.60006000E+003   0.40000000E+005
          6          2   1   1   0   0.11204461E+003   0.60006000E+003   0.90000000E+005   2   2   0   0.13575342E+003   0.60006000E+003   0.40000000E+005
          6          3   1   1   0   0.11204493E+003   0.60006000E+003   0.90000000E+005   2   2   0   0.13575385E+003   0.60006000E+003   0.40000000E+005
          7          1   1   1   0   0.11204795E+003   0.70007000E+003   0.90000000E+005   2   2   0   0.13576027E+003   0.70007000E+003   0.40000000E+005
          7          2   1   1   0   0.11204821E+003   0.70007000E+003   0.90000000E+005   2   2   0   0.13576123E+003   0.70007000E+003   0.40000000E+005
          7          3   1   1   0   0.11204852E+003   0.70007000E+003   0.90000000E+005   2   2   0   0.13576166E+003   0.70007000E+003   0.40000000E+005
          8          1   1   1   0   0.11205239E+003   0.80008000E+003   0.90000000E+005   2   2   0   0.13577014E+003   0.80008000E+003   0.40000000E+005
          8          2   1   1   0   0.11205275E+003   0.80008000E+003   0.90000000E+005   2   2   0   0.13577129E+003   0.80008000E+003   0.40000000E+005
          9          1   1   1   0   0.11205756E+003   0.90009000E+003   0.90000000E+005   2   2   0   0.13578205E+003   0.90009000E+003   0.40000000E+005
          9          2   1   1   0   0.11205818E+003   0.90009000E+003   0.90000000E+005   2   2   0   0.13578356E+003   0.90009000E+003   0.40000000E+005
         10          1   1   1   0   0.11206384E+003   0.10001000E+004   0.90000000E+005   2   2   0   0.13579651E+003   0.10001000E+004   0.40000000E+005
         10          2   1   1   0   0.11206465E+003   0.10001000E+004   0.90000000E+005   2   2   0   0.13579830E+003   0.10001000E+004   0.40000000E+005
         11          1   1   1   1   0.11207148E+003   0.10001000E+004   0.89994227E+005   2   2   1   0.13581390E+003   0.10001000E+004   0.39974344E+005
         11          2   1   1   1   0.11207235E+003   0.10001000E+004   0.89994228E+005   2   2   1   0.13581582E+003   0.10001000E+004   0.39974360E+005
         12          1   1   1   1   0.11208017E+003   0.10001000E+004   0.89988455E+005   2   2   1   0.13583390E+003   0.10001000E+004   0.39948721E+005
         12          2   1   1   1   0.11208088E+003   0.10001000E+004   0.89988456E+005   2   2   1   0.13583566E+003   0.10001000E+004   0.39948737E+005
         13          1   1   1   1   0.11208985E+003   0.10001000E+004   0.89982684E+005   2   2   1   0.13585651E+003   0.10001000E+004   0.39923114E+005
         13          2   1   1   1   0.11209049E+003   0.10001000E+004   0.89982684E+005   2   2   1   0.13585819E+003   0.10001000E+004   0.39923130E+005
         14          1   1   1   1   0.11210047E+003   0.10001000E+004   0.89976913E+005   2   2   1   0.13588167E+003   0.10001000E+004   0.39897523E+005
         14          2   1   1   1   0.11210112E+003   0.10001000E+004   0.89976913E+005   2   2   1   0.13588333E+003   0.10001000E+004   0.39897540E+005
         15          1   1   1   1   0.11211210E+003   0.10001000E+004   0.89971142E+005   2   2   1   0.13590937E+003   0.10001000E+004   0.39871949E+005
         15          2   1   1   1   0.11211275E+003   0.10001000E+004   0.89971142E+005   2   2   1   0.13591100E+003   0.10001000E+004   0.39871966E+005
         16          1   1   1   1   0.11212473E+003   0.10001000E+004   0.89965372E+005   2   2   1   0.13593957E+003   0.10001000E+004   0.39846392E+005
         17          1   1   1   1   0.11213763E+003   0.10001000E+004   0.89959601E+005   2   2   1   0.13597037E+003   0.10001000E+004   0.39820834E+005
         18          1   1   1   1   0.11215053E+003   0.10001000E+004   0.89953831E+005   2   2   1   0.13600114E+003   0.10001000E+004   0.39795293E+005
         19          1   1   1   1   0.11216342E+003   0.10001000E+004   0.89948061E+005   2   2   1   0.13603188E+003   0.10001000E+004   0.39769768E+005
         20          1   1   1   1   0.11217631E+003   0.10001000E+004   0.89942292E+005   2   2   1   0.13606259E+003   0.10001000E+004   0.39744259E+005
         21          1   1   1   1   0.11218918E+003   0.10001000E+004   0.89936523E+005   2   2   1   0.13609327E+003   0.10001000E+004   0.39718767E+005
         22          1   1   1   1   0.11220204E+003   0.10001000E+004   0.89930755E+005   2   2   1   0.13612391E+003   0.10001000E+004   0.39693292E+005
         23          1   1   1   1   0.11221488E+003   0.10001000E+004   0.89924986E+005   2   2   1   0.13615451E+003   0.10001000E+004   0.39667832E+005
         24          1   1   1   1   0.11222770E+003   0.10001000E+004   0.89919219E+005   2   2   1   0.13618509E+003   0.10001000E+004   0.39642389E+005
         25          1   1   1   1   0.11224051E+003   0.10001000E+004   0.89913451E+005   2   2   1   0.13621562E+003   0.10001000E+004   0.39616962E+005
         26          1   1   1   1   0.11225330E+003   0.10001000E+004   0.89907684E+005   2   2   1   0.13624612E+003   0.10001000E+004   0.39591552E+005
