


        --------------------------
     |- EXMEDI OUTPUT FOR PROBLEM: heart
        --------------------------


        -----------------
     |- OHARA CONVERGENCE
        -----------------

 CELL MODEL VOLTAGE LOADED. MATERIAL 1, CELLMODEL OHARA-PASSINI, CELLTYPE 1, BEATS=6, TOL=0.000000000000E+00, RMSE=-0.263144168094+147
 

  Coupling variables, MATERIAL 1 CELLTYPE 1
   Ca0    =  0.76886547E-004
   Ca50   =  0.11230233E-003
   S      =  0.00000000E+000
   W      =  0.00000000E+000
   CaTRPN =  0.10000000E-002
   B      =  0.10000000E+001
   zeta_s =  0.00000000E+000
   zeta_w =  0.00000000E+000
   Lambda =  0.10000000E+001
   dt(s)  =  0.00000000E+000
 


 CELL MODEL VOLTAGE LOADED. MATERIAL 1, CELLMODEL OHARA-PASSINI, CELLTYPE 2, BEATS=7, TOL=0.000000000000E+00, RMSE=0.535667792325E-18
 

  Coupling variables, MATERIAL 1 CELLTYPE 2
   Ca0    =  0.78194663E-004
   Ca50   =  0.13069550E-003
   S      =  0.00000000E+000
   W      =  0.00000000E+000
   CaTRPN =  0.10000000E-002
   B      =  0.10000000E+001
   zeta_s =  0.00000000E+000
   zeta_w =  0.00000000E+000
   Lambda =  0.10000000E+001
   dt(s)  =  0.00000000E+000
 


 CELL MODEL VOLTAGE LOADED. MATERIAL 1, CELLMODEL OHARA-PASSINI, CELLTYPE 3, BEATS=6, TOL=0.000000000000E+00, RMSE=0.199399028502E+20
 

  Coupling variables, MATERIAL 1 CELLTYPE 3
   Ca0    =  0.41354654E-004
   Ca50   =  0.76079308E-004
   S      =  0.00000000E+000
   W      =  0.00000000E+000
   CaTRPN =  0.10000000E-002
   B      =  0.10000000E+001
   zeta_s =  0.00000000E+000
   zeta_w =  0.00000000E+000
   Lambda =  0.10000000E+001
   dt(s)  =  0.00000000E+000
 



        -------------------------------------------------------------------------------
     |- CONDUCTANCES APPLIED TO MATERIALS (AS READ FROM .DAT, DRUG EFFECT NOT INCLUDED)
        -------------------------------------------------------------------------------

 

    Material 1
       GIto       : 0.100000000000E+01, 0.100000000000E+01, 0.600000000000E+00
       GKs        : 0.194850000000E+01, 0.194850000000E+01, 0.202650000000E+01
       GK1        : 0.169800000000E+01, 0.169800000000E+01, 0.166400000000E+01
       GKr        : 0.123790000000E+01, 0.123790000000E+01, 0.134930000000E+01
       GNa        : 0.981000000000E+00, 0.981000000000E+00, 0.981000000000E+00
       GNaL       : 0.237100000000E+01, 0.237100000000E+01, 0.237100000000E+01
       GNaCa      : 0.100000000000E+01, 0.100000000000E+01, 0.100000000000E+01
       gKb        : 0.100000000000E+01, 0.100000000000E+01, 0.100000000000E+01
       pCa        : 0.994900000000E+00, 0.994900000000E+00, 0.875500000000E+00
       pNaK       : 0.100000000000E+01, 0.100000000000E+01, 0.940000000000E+00
       Calmo      : 0.100000000000E+01, 0.100000000000E+01, 0.107000000000E+01
       Jup        : 0.100000000000E+01, 0.100000000000E+01, 0.142000000000E+01
       NaCaK      : 0.743300000000E+00, 0.306200000000E+00, 0.592500000000E+00
       Ikatp      : 0.000000000000E+00, 0.000000000000E+00, 0.000000000000E+00
       HFjlk      : 0.100000000000E+01, 0.100000000000E+01, 0.100000000000E+01
       JrNP       : 0.100000000000E+01, 0.100000000000E+01, 0.100000000000E+01
       Inal_tauHL : 0.100000000000E+01, 0.100000000000E+01, 0.100000000000E+01
       
 


        --------------------------
     |- DRUGS APPLIED TO MATERIALS
        --------------------------

 

    Material 1
       None
       
 

 

 INITIAL COUPLING PARAMETERS FOR EP PROBLEM
    Material 1
       Model    = HUNTER
      Cam      =  0.10000000E+001
      Time     =  0.60000000E-001
      Eta      =  0.14500000E+001
      Hillc    =  0.30000000E+001
      k        =  0.30000000E+000
      Traction =  0.10000000E+007
       Cell type 1 Ca0  =    7.6886546816061760E-002
      Cell type 1 Ca50 =  0.11230233E+000
      Cell type 1 pC50_ref =  0.69496113E+001
       Cell type 2 Ca0  =    7.8194663368835862E-002
      Cell type 2 Ca50 =  0.13069550E+000
      Cell type 2 pC50_ref =  0.68837394E+001
       Cell type 3 Ca0  =    4.1354653871222995E-002
      Cell type 3 Ca50 =  0.76079308E-001
      Cell type 3 pC50_ref =  0.71187334E+001
