# --| ALYA Convergence
# --| Columns displayed:
# --|                                                                      
# --|  1. Time step           2. Global Iteration    3. Inner Iteration    
# --|  4. Solver iterations   5. Current time        6. Stable time incr.  
# --|  7. RSI Displacement    8. RSI Force           9. RSI Energy         
# --| 10. Max. Displacement  11. Internal energy    12. External work      
# --| 13. Kinetic energy     14. Total energy       15. Elapsed CPU time   
# --| 16. Ass. ave cpu time  17. Ass. max cpu time  18. Sol. ave cpu time  
# --| 19. Sol. max cpu time  20. dt/dtc             21. Safety factor      
# --|                                                                      
            1          1          1          0   0.10000000E-003   0.95718524E-004   0.00000000E+000   0.98187282E-011   0.00000000E+000   0.00000000E+000   0.00000000E+000   0.00000000E+000   0.00000000E+000   0.00000000E+000   0.19971900E+001   0.76114831E+000   0.76114831E+000   0.77861848E+000   0.77861848E+000   0.10447299E+001   0.10447299E+001
            2          1          1         12   0.20000000E-003   0.95718524E-004   0.10000000E+001   0.10000000E+001   0.20000000E+001   0.21512200E-004   0.19141311E-015   0.32488118E-001   0.00000000E+000  -0.32488118E-001   0.13931929E+001   0.77167185E+000   0.77167185E+000   0.82145781E+000   0.82145781E+000   0.10447299E+001   0.10447299E+001
            2          1          2         13   0.20000000E-003   0.95718524E-004   0.50491486E+000   0.49942895E+000   0.10012713E+001   0.42506183E-004   0.25992666E-001   0.13012376E+000   0.28047084E-001  -0.76084009E-001   0.81610546E+000   0.76323192E+000   0.76323192E+000   0.81498643E+000   0.81498643E+000   0.10447299E+001   0.10447299E+001
            2          1          3         32   0.20000000E-003   0.95718524E-004   0.51547121E-001   0.11656363E-001   0.20380305E-002   0.41855395E-004   0.51900834E-001   0.13025531E+000   0.11266409E+000   0.34309618E-001   0.86697932E+000   0.76225891E+000   0.76225891E+000   0.86584955E+000   0.86584955E+000   0.10447299E+001   0.10447299E+001
            2          1          4         36   0.20000000E-003   0.95718524E-004   0.10952171E-002   0.24791007E-003   0.34584849E-004   0.41812729E-004   0.51869200E-001   0.13025297E+000   0.11315319E+000   0.34769414E-001   0.87290153E+000   0.75962152E+000   0.75962152E+000   0.87174007E+000   0.87174007E+000   0.10447299E+001   0.10447299E+001
            3          1          1         13   0.30000000E-003   0.95718524E-004   0.27998724E+000   0.61371936E+000   0.47155192E+000   0.12145932E-003   0.13469245E+000   0.46590546E+000   0.13969529E+000  -0.19151772E+000   0.13892748E+001   0.75775411E+000   0.75775411E+000   0.81006971E+000   0.81006971E+000   0.10447299E+001   0.10447299E+001
            3          1          2         14   0.30000000E-003   0.95718524E-004   0.15706187E+000   0.33329090E+000   0.32811931E+000   0.14046260E-003   0.19359239E+000   0.71290256E+000   0.35242674E+000  -0.16688343E+000   0.82297971E+000   0.76832781E+000   0.76832781E+000   0.82183730E+000   0.82183730E+000   0.10447299E+001   0.10447299E+001
            3          1          3         34   0.30000000E-003   0.95718524E-004   0.16659430E-001   0.75238038E-002   0.83383141E-003   0.13713806E-003   0.21959477E+000   0.71308333E+000   0.56799418E+000   0.74505619E-001   0.86892457E+000   0.75957509E+000   0.75957509E+000   0.86778030E+000   0.86778030E+000   0.10447299E+001   0.10447299E+001
            3          1          4         35   0.30000000E-003   0.95718524E-004   0.27333922E-003   0.13821430E-003   0.12794728E-005   0.13711828E-003   0.21953373E+000   0.71308400E+000   0.56901923E+000   0.75468961E-001   0.87245400E+000   0.76054648E+000   0.76054648E+000   0.87129937E+000   0.87129937E+000   0.10447299E+001   0.10447299E+001
            4          1          1         14   0.40000000E-003   0.95718524E-004   0.16607441E+000   0.52509891E+000   0.41597167E+000   0.29877377E-003   0.40671701E+000   0.16560753E+001   0.63736511E+000  -0.61199321E+000   0.14046015E+001   0.76175593E+000   0.76175593E+000   0.81621613E+000   0.81621613E+000   0.10447299E+001   0.10447299E+001
            4          1          2         14   0.40000000E-003   0.95718524E-004   0.68406895E-001   0.25015543E+000   0.18627623E+000   0.31616440E-003   0.50801048E+000   0.20413132E+001   0.13012083E+001  -0.23209449E+000   0.83557737E+000   0.78056718E+000   0.78056718E+000   0.83442210E+000   0.83442210E+000   0.10447299E+001   0.10447299E+001
            4          1          3         35   0.40000000E-003   0.95718524E-004   0.83248830E-002   0.62407946E-002   0.75068524E-003   0.31172270E-003   0.53369233E+000   0.20415902E+001   0.16596054E+001   0.15170747E+000   0.88560671E+000   0.77398837E+000   0.77398837E+000   0.88409575E+000   0.88409575E+000   0.10447299E+001   0.10447299E+001
            5          1          1         15   0.50000000E-003   0.95718524E-004   0.11058088E+000   0.47390901E+000   0.40694550E+000   0.56350652E-003   0.75662980E+000   0.39621990E+001   0.18069306E+001  -0.13986386E+001   0.14663044E+001   0.79712174E+000   0.79712174E+000   0.85373030E+000   0.85373030E+000   0.10447299E+001   0.10447299E+001
            5          1          2         14   0.50000000E-003   0.95718524E-004   0.35773700E-001   0.19991486E+000   0.12032434E+000   0.57976989E-003   0.90820663E+000   0.44942546E+001   0.33348857E+001  -0.25116229E+000   0.83730370E+000   0.78171980E+000   0.78171980E+000   0.83608682E+000   0.83608682E+000   0.10447299E+001   0.10447299E+001
            5          1          3         35   0.50000000E-003   0.95718524E-004   0.48217277E-002   0.53794906E-002   0.57340773E-003   0.57457005E-003   0.92943638E+000   0.44945853E+001   0.38610167E+001   0.29586770E+000   0.88988351E+000   0.77842701E+000   0.77842701E+000   0.88861490E+000   0.88861490E+000   0.10447299E+001   0.10447299E+001
            6          1          1         16   0.60000000E-003   0.95718524E-004   0.78729181E-001   0.45973330E+000   0.38845707E+000   0.91879555E-003   0.11468973E+001   0.79081022E+001   0.41405064E+001  -0.26206985E+001   0.14444709E+001   0.78288849E+000   0.78288849E+000   0.84362711E+000   0.84362711E+000   0.10447299E+001   0.10447299E+001
            6          1          2         14   0.60000000E-003   0.95718524E-004   0.21055178E-001   0.16640894E+000   0.85335763E-001   0.93429256E-003   0.13460847E+001   0.86052477E+001   0.70193405E+001  -0.23982245E+000   0.84155865E+000   0.78584427E+000   0.78584427E+000   0.84039797E+000   0.84039797E+000   0.10447299E+001   0.10447299E+001
            6          1          3         35   0.60000000E-003   0.95718524E-004   0.30600325E-002   0.47418749E-002   0.43416622E-003   0.92856689E-003   0.13642484E+001   0.86056038E+001   0.77466270E+001   0.50527157E+000   0.89909169E+000   0.78643995E+000   0.78643995E+000   0.89792820E+000   0.89792820E+000   0.10447299E+001   0.10447299E+001
            7          1          1         16   0.70000000E-003   0.95718524E-004   0.58785680E-001   0.45232809E+000   0.36109862E+000   0.13649180E-002   0.16059097E+001   0.14177630E+002   0.82189525E+001  -0.43527678E+001   0.14372583E+001   0.78548609E+000   0.78548609E+000   0.84507017E+000   0.84507017E+000   0.10447299E+001   0.10447299E+001
            7          1          2         14   0.70000000E-003   0.95718524E-004   0.13530722E-001   0.14254269E+000   0.64456534E-001   0.13792738E-002   0.18460531E+001   0.15061596E+002   0.12983548E+002  -0.23199429E+000   0.84793113E+000   0.79157391E+000   0.79157391E+000   0.84678050E+000   0.84678050E+000   0.10447299E+001   0.10447299E+001
            7          1          3         36   0.70000000E-003   0.95718524E-004   0.21847115E-002   0.44649825E-002   0.37692389E-003   0.13727501E-002   0.18632093E+001   0.15062087E+002   0.13949490E+002   0.75061228E+000   0.91990155E+000   0.80240128E+000   0.80240128E+000   0.91876732E+000   0.91876732E+000   0.10447299E+001   0.10447299E+001
            8          1          1         16   0.80000000E-003   0.95718524E-004   0.45781828E-001   0.44521690E+000   0.33184938E+000   0.18998164E-002   0.22015056E+001   0.23584776E+002   0.14680852E+002  -0.67024186E+001   0.14783645E+001   0.80192755E+000   0.80192755E+000   0.86163579E+000   0.86163579E+000   0.10447299E+001   0.10447299E+001
            8          1          2         14   0.80000000E-003   0.95718524E-004   0.92134591E-002   0.12456305E+000   0.50518311E-001   0.19132944E-002   0.24792918E+001   0.24676522E+002   0.21938528E+002  -0.25870265E+000   0.86087442E+000   0.80455449E+000   0.80455449E+000   0.85972445E+000   0.85972445E+000   0.10447299E+001   0.10447299E+001
            9          1          1         16   0.90000000E-003   0.95718524E-004   0.37227658E-001   0.44727395E+000   0.30211118E+000   0.25104949E-002   0.28652661E+001   0.36692310E+002   0.22837669E+002  -0.10989375E+002   0.14476419E+001   0.79046262E+000   0.79046262E+000   0.85051972E+000   0.85051972E+000   0.10447299E+001   0.10447299E+001
            9          1          2         15   0.90000000E-003   0.95718524E-004   0.66556384E-002   0.11049897E+000   0.39776700E-001   0.25218355E-002   0.31677483E+001   0.37989550E+002   0.33043301E+002  -0.17785001E+001   0.85291879E+000   0.79391210E+000   0.79391210E+000   0.85169884E+000   0.85169884E+000   0.10447299E+001   0.10447299E+001
           10          1          1         16   0.10000000E-002   0.95718524E-004   0.30964894E-001   0.43862738E+000   0.27645473E+000   0.31840223E-002   0.37267285E+001   0.54384374E+002   0.34295137E+002  -0.16362509E+002   0.14700712E+001   0.79856876E+000   0.79856876E+000   0.85867037E+000   0.85867037E+000   0.10447299E+001   0.10447299E+001
           10          1          2         15   0.10000000E-002   0.95718524E-004   0.49746723E-002   0.99462882E-001   0.32411677E-001   0.31942266E-002   0.40637355E+001   0.55905277E+002   0.48134400E+002  -0.37071411E+001   0.86695292E+000   0.80884376E+000   0.80884376E+000   0.86579219E+000   0.86579219E+000   0.10447299E+001   0.10447299E+001
           11          1          1         15   0.11000000E-002   0.95718524E-004   0.25977307E-001   0.44140328E+000   0.25492438E+000   0.39262135E-002   0.49353484E+001   0.77745753E+002   0.49818716E+002  -0.22991689E+002   0.15217487E+001   0.82287330E+000   0.82287330E+000   0.88188523E+000   0.88188523E+000   0.10447299E+001   0.10447299E+001
           11          1          2         33   0.11000000E-002   0.95718524E-004   0.16720407E-002   0.93898818E-002   0.11648850E-002   0.39058532E-002   0.49428354E+001   0.77733148E+002   0.68021235E+002  -0.47690776E+001   0.97676982E+000   0.86552521E+000   0.86552521E+000   0.97485361E+000   0.97485361E+000   0.10447299E+001   0.10447299E+001
           12          1          1         15   0.12000000E-002   0.95718524E-004   0.19998128E-001   0.42958890E+000   0.21997242E+000   0.46970376E-002   0.60405072E+001   0.10308253E+003   0.70220754E+002  -0.26821266E+002   0.15556879E+001   0.85691946E+000   0.85691946E+000   0.91515154E+000   0.91515154E+000   0.10447299E+001   0.10447299E+001
           12          1          2         33   0.12000000E-002   0.95718524E-004   0.12397205E-002   0.89203972E-002   0.10534506E-002   0.46777315E-002   0.60445154E+001   0.10306937E+003   0.91072094E+002  -0.59527597E+001   0.97222585E+000   0.86524475E+000   0.86524475E+000   0.97105355E+000   0.97105355E+000   0.10447299E+001   0.10447299E+001
           13          1          1         15   0.13000000E-002   0.95718524E-004   0.15797652E-001   0.42124399E+000   0.19290802E+000   0.55172589E-002   0.73128439E+001   0.13184017E+003   0.93559122E+002  -0.30968205E+002   0.15568558E+001   0.84563410E+000   0.84563410E+000   0.90393596E+000   0.90393596E+000   0.10447299E+001   0.10447299E+001
           13          1          2         33   0.13000000E-002   0.95718524E-004   0.97043178E-003   0.86795266E-002   0.95757478E-003   0.54986272E-002   0.73164193E+001   0.13182670E+003   0.11689216E+003  -0.76181205E+001   0.92508846E+000   0.81526232E+000   0.81526232E+000   0.92380481E+000   0.92380481E+000   0.10447299E+001   0.10447299E+001
           14          1          1         15   0.14000000E-002   0.95718524E-004   0.12721337E-001   0.41401427E+000   0.17087175E+000   0.63708411E-002   0.87457789E+001   0.16387322E+003   0.11964908E+003  -0.35478365E+002   0.15133576E+001   0.81985910E+000   0.81985910E+000   0.87873385E+000   0.87873385E+000   0.10447299E+001   0.10447299E+001
           14          1          2         33   0.14000000E-002   0.95718524E-004   0.76558779E-003   0.84092014E-002   0.87219395E-003   0.63532726E-002   0.87502468E+001   0.16385956E+003   0.14529820E+003  -0.98111190E+001   0.90905677E+000   0.80176717E+000   0.80176717E+000   0.90783659E+000   0.90783659E+000   0.10447299E+001   0.10447299E+001
           15          1          1         15   0.15000000E-002   0.95718524E-004   0.10410200E-001   0.40403307E+000   0.15255012E+000   0.72461186E-002   0.10412500E+002   0.19911095E+003   0.14830662E+003  -0.40391823E+002   0.14692362E+001   0.80582482E+000   0.80582482E+000   0.86329242E+000   0.86329242E+000   0.10447299E+001   0.10447299E+001
           15          1          2         33   0.15000000E-002   0.95718524E-004   0.60207897E-003   0.80410704E-002   0.80532315E-003   0.72300975E-002   0.10417082E+002   0.19909699E+003   0.17609685E+003  -0.12583053E+002   0.91237643E+000   0.80305497E+000   0.80305497E+000   0.91106935E+000   0.91106935E+000   0.10447299E+001   0.10447299E+001
           16          1          1         15   0.16000000E-002   0.95718524E-004   0.86428250E-002   0.39356882E+000   0.13708499E+000   0.81354414E-002   0.12393910E+002   0.23749051E+003   0.17933738E+003  -0.45759221E+002   0.14800797E+001   0.80101647E+000   0.80101647E+000   0.85844612E+000   0.85844612E+000   0.10447299E+001   0.10447299E+001
           17          1          1         15   0.17000000E-002   0.95718524E-004   0.74146239E-002   0.38764365E+000   0.11863004E+000   0.90336435E-002   0.14689933E+002   0.27654478E+003   0.17933738E+003  -0.82517470E+002   0.14659828E+001   0.80710975E+000   0.80710975E+000   0.86572911E+000   0.86572911E+000   0.10447299E+001   0.10447299E+001
           18          1          1         15   0.18000000E-002   0.95718524E-004   0.64905500E-002   0.38173488E+000   0.10249953E+000   0.99235778E-002   0.17292049E+002   0.31542365E+003   0.17933738E+003  -0.11879423E+003   0.14767123E+001   0.80621043E+000   0.80621043E+000   0.86519857E+000   0.86519857E+000   0.10447299E+001   0.10447299E+001
           19          1          1         15   0.19000000E-002   0.95718524E-004   0.57724469E-002   0.37579102E+000   0.89974681E-001   0.10806280E-001   0.20187665E+002   0.35412199E+003   0.17933738E+003  -0.15459695E+003   0.14758151E+001   0.80549351E+000   0.80549351E+000   0.86244437E+000   0.86244437E+000   0.10447299E+001   0.10447299E+001
           20          1          1         15   0.20000000E-002   0.95718524E-004   0.52003522E-002   0.36986815E+000   0.79970937E-001   0.11682327E-001   0.23366850E+002   0.39263636E+003   0.17933738E+003  -0.18993213E+003   0.14658856E+001   0.80751731E+000   0.80751731E+000   0.86575095E+000   0.86575095E+000   0.10447299E+001   0.10447299E+001
           21          1          1         15   0.21000000E-002   0.95718524E-004   0.47356220E-002   0.36403815E+000   0.71799056E-001   0.12552056E-001   0.26821512E+002   0.43096469E+003   0.17933738E+003  -0.22480580E+003   0.14812647E+001   0.80851067E+000   0.80851067E+000   0.86713029E+000   0.86713029E+000   0.10447299E+001   0.10447299E+001
           22          1          1         15   0.22000000E-002   0.95718524E-004   0.43520477E-002   0.35835812E+000   0.64999904E-001   0.13415678E-001   0.30544779E+002   0.46910585E+003   0.17933738E+003  -0.25922369E+003   0.14959218E+001   0.81761854E+000   0.81761854E+000   0.87721748E+000   0.87721748E+000   0.10447299E+001   0.10447299E+001
           23          1          1         15   0.23000000E-002   0.95718524E-004   0.40312466E-002   0.35286900E+000   0.59255841E-001   0.14273336E-001   0.34530608E+002   0.50705930E+003   0.17933738E+003  -0.29319131E+003   0.14812312E+001   0.80394003E+000   0.80394003E+000   0.86311261E+000   0.86311261E+000   0.10447299E+001   0.10447299E+001
           24          1          1         15   0.24000000E-002   0.95718524E-004   0.37599189E-002   0.34759766E+000   0.54340112E-001   0.15125136E-001   0.38773536E+002   0.54482488E+003   0.17933738E+003  -0.32671396E+003   0.15332196E+001   0.81890599E+000   0.81890599E+000   0.88611380E+000   0.88611380E+000   0.10447299E+001   0.10447299E+001
           25          1          1         15   0.25000000E-002   0.95718524E-004   0.35282126E-002   0.34256101E+000   0.50086522E-001   0.15971156E-001   0.43268525E+002   0.58240269E+003   0.17933738E+003  -0.35979679E+003   0.15103624E+001   0.81758796E+000   0.81758796E+000   0.87586622E+000   0.87586622E+000   0.10447299E+001   0.10447299E+001
           26          1          1         15   0.26000000E-002   0.95718524E-004   0.33286700E-002   0.33776807E+000   0.46370491E-001   0.16811464E-001   0.48010861E+002   0.61979298E+003   0.17933738E+003  -0.39244474E+003   0.14941884E+001   0.81461212E+000   0.81461212E+000   0.87237855E+000   0.87237855E+000   0.10447299E+001   0.10447299E+001
