#  --|  Exmedi Convergence File 
#  --|  Columns displayed:
#  --|  1. Time Step   2. Global Iteration   3. Sub Iteration   4. Solver iterations
#  --|  5. Current time  
#  --|  6. Total Res.  7. Intra. Res.        8. Extra. Res.       9. Recov. Res.
#  --|  10. Critical Time Step  11. CPU time 12. Cumulative CPU time
#  --|  
            1          1          1          2     0.10000000E-003   0.57692844E-002   0.57692844E-002   0.00000000E+000   0.00000000E+000   0.10000000E+001   0.34729440E+005   0.00000000E+000
            2          1          1          2     0.20000000E-003   0.53980894E-002   0.53980894E-002   0.00000000E+000   0.00000000E+000   0.10000000E+001   0.13503939E+001   0.13503939E+001
            3          1          1          2     0.30000000E-003   0.51911668E-002   0.51911668E-002   0.00000000E+000   0.00000000E+000   0.10000000E+001   0.39563938E+001   0.53067877E+001
            4          1          1          2     0.40000000E-003   0.50408804E-002   0.50408804E-002   0.00000000E+000   0.00000000E+000   0.10000000E+001   0.39628798E+001   0.92696675E+001
            5          1          1          2     0.50000000E-003   0.49034930E-002   0.49034930E-002   0.00000000E+000   0.00000000E+000   0.10000000E+001   0.31501836E+001   0.12419851E+002
            6          1          1          2     0.60000000E-003   0.48109487E-002   0.48109487E-002   0.00000000E+000   0.00000000E+000   0.10000000E+001   0.31818151E+001   0.15601666E+002
            7          1          1          2     0.70000000E-003   0.50993542E-002   0.50993542E-002   0.00000000E+000   0.00000000E+000   0.10000000E+001   0.31765231E+001   0.18778189E+002
            8          1          1          2     0.80000000E-003   0.84390789E-002   0.84390789E-002   0.00000000E+000   0.00000000E+000   0.10000000E+001   0.32293796E+001   0.22007569E+002
            9          1          1          2     0.90000000E-003   0.25972591E-001   0.25972591E-001   0.00000000E+000   0.00000000E+000   0.10000000E+001   0.23199912E+001   0.24327560E+002
           10          1          1          2     0.10000000E-002   0.25364813E-001   0.25364813E-001   0.00000000E+000   0.00000000E+000   0.10000000E+001   0.23147997E+001   0.26642360E+002
           11          1          1          2     0.11000000E-002   0.42837385E-002   0.42837385E-002   0.00000000E+000   0.00000000E+000   0.10000000E+001   0.23654344E+001   0.29007794E+002
           12          1          1          2     0.12000000E-002   0.39209961E-002   0.39209961E-002   0.00000000E+000   0.00000000E+000   0.10000000E+001   0.24992338E+001   0.31507028E+002
           13          1          1          2     0.13000000E-002   0.35959539E-002   0.35959539E-002   0.00000000E+000   0.00000000E+000   0.10000000E+001   0.25401869E+001   0.34047215E+002
           14          1          1          2     0.14000000E-002   0.33338210E-002   0.33338210E-002   0.00000000E+000   0.00000000E+000   0.10000000E+001   0.24636405E+001   0.36510856E+002
           15          1          1          2     0.15000000E-002   0.31300708E-002   0.31300708E-002   0.00000000E+000   0.00000000E+000   0.10000000E+001   0.23939943E+001   0.38904850E+002
           16          1          1          2     0.16000000E-002   0.30012739E-002   0.30012739E-002   0.00000000E+000   0.00000000E+000   0.10000000E+001   0.23972560E+001   0.41302106E+002
           17          1          1          2     0.17000000E-002   0.32372031E-002   0.32372031E-002   0.00000000E+000   0.00000000E+000   0.10000000E+001   0.14585044E+001   0.42760610E+002
           18          1          1          2     0.18000000E-002   0.61477671E-002   0.61477671E-002   0.00000000E+000   0.00000000E+000   0.10000000E+001   0.14775804E+001   0.44238191E+002
           19          1          1          2     0.19000000E-002   0.49712546E-002   0.49712546E-002   0.00000000E+000   0.00000000E+000   0.10000000E+001   0.14784898E+001   0.45716680E+002
           20          1          1          2     0.20000000E-002   0.46203066E-002   0.46203066E-002   0.00000000E+000   0.00000000E+000   0.10000000E+001   0.14626007E+001   0.47179281E+002
           21          1          1          2     0.21000000E-002   0.65613533E-002   0.65613533E-002   0.00000000E+000   0.00000000E+000   0.10000000E+001   0.14799717E+001   0.48659253E+002
           22          1          1          2     0.22000000E-002   0.76758099E-002   0.76758099E-002   0.00000000E+000   0.00000000E+000   0.10000000E+001   0.14857146E+001   0.50144967E+002
           23          1          1          2     0.23000000E-002   0.60073894E-002   0.60073894E-002   0.00000000E+000   0.00000000E+000   0.10000000E+001   0.14950910E+001   0.51640058E+002
           24          1          1          2     0.24000000E-002   0.94619758E-002   0.94619758E-002   0.00000000E+000   0.00000000E+000   0.10000000E+001   0.15100919E+001   0.53150150E+002
           25          1          1          2     0.25000000E-002   0.59506225E-002   0.59506225E-002   0.00000000E+000   0.00000000E+000   0.10000000E+001   0.15210333E+001   0.54671184E+002
           26          1          1          2     0.26000000E-002   0.41562522E-002   0.41562522E-002   0.00000000E+000   0.00000000E+000   0.10000000E+001   0.14977836E+001   0.56168967E+002
