


        --------
     |- A L Y A: heart
        --------



        ------------------------
*    |- PARTITIONS BIN STRUCTURE
        ------------------------

        BIN DIMENSIONS=                 1    1    1


        ------------------------
*    |- BOUNDARY CONDITION CODES
        ------------------------


        CODE=               4
        CODE=               1
        CODE=               6
        CODE=               3
        CODE=               5
        CODE=               4  &    5
        CODE=               3  &    5
        CODE=               2  &    6
        CODE=               4  &    6
        CODE=               1  &    6
        CODE=               2


        -----------------
*    |- INTEGRATION RULES
        -----------------


        ELEMENT TYPE:                 TRI03
           Rule:                       OPEN
           Number Gauss points=           1
           Max. polynomial order=         1
        ELEMENT TYPE:                 TET04
           Rule:                       OPEN
           Number Gauss points=           1
           Max. polynomial order=         1


        ----------------------
*    |- HYBRID PARALLELIZATION
        ----------------------

        OFF


        -----------------------------
*    |- TIMES OF ALGEBRAIC OPERATIONS: AVERAGE OVER     2 RUNS
        -----------------------------


        |- SpMV IN CSR FORMAT (without OpenMP):   

           Computation:             
              Average CPU time:      491.27449 mus
              Maximum CPU time:      491.27449 mus
              Load balance:            1.00000
           Point-to-point comm.:    
              Average CPU time:        0.51101 mus
              Maximum CPU time:        0.51101 mus
              Load balance:            1.00000
           Overall:                 
              Average CPU time:      491.78550 mus
              Maximum CPU time:      491.78550 mus
              Load balance:            1.00000

        |- DOT PRODUCT (without OpenMP):

           Computation:             
              Average CPU time:       20.94000 mus
              Maximum CPU time:       20.94000 mus
              Load balance:            1.00000
           Global comm.:            
              Average CPU time:        0.13900 mus
              Maximum CPU time:        0.13900 mus
              Load balance:            1.00000
           Overall:                 
              Average CPU time:       21.07900 mus
              Maximum CPU time:       21.07900 mus
              Load balance:            1.00000


        -----------------------
*    |- SUMMARY OF PROBLEM DATA
        -----------------------


        |- GENERAL DATA:

           Modules solved:       EXMEDI,SOLIDZ,KERMOD
           Blok definition:      1:EXMEDI,SOLIDZ
           Time step strategy:   PRESCRIBED
           Time step=             1.0000E-04
           Time range=           [ 0.0000E+00, 4.0000E+00]

        |- DOMAIN DATA:

           Domain dimension=               3
           --------------------- 
           Bandwith (average)=        21252
           Profile (average)=     1.2110E+08
           --------------------- 
           Total volume=          2.0594E+02
           Ave. element volume=   2.0325E-03
           Min. element volume=   2.2217E-04 (element 97044)
           Max. element volume=   5.9492E-03 (element 16531)
           --------------------- 
           Total elements=            101322
           Extension elements=             0
           Hole elements=                  0
           Elements used:        101322 TET04
           Gauss points (rule)=  1(open)
           --------------------- 
           Total boundaries=           17374
           Extension boundaries=           0
           Hole boundaries=                0
           Boundaries used:      17374 TRI03
           Gauss points (rule)=  1(open)
           --------------------- 
           Total nodes=                21341
           Hole nodes=                     0

        |- MATERIAL DATA:

           Material=    1, volume=  2.0594E+02


        ----------------------
*    |- SUMMARY OF CONVERGENCE
        ----------------------


        |- TIME STEP NUMBER:            1
           Current time step dt =  1.000E-04
           Current time t       =  1.000E-04
           SOLIDZ:
           - Critical time step dtc:  9.572E-05
           - Ratio dt/dtc:            1.045E+00

           Global iteration number:     1, block number:  1
           Current CPU time:         1.998E+00
           Elapsed CPU time:         1.998E+00
           Residual of InPotential       :  0.000E+00
           Residual of ExPotential       :  0.000E+00
           Residual of Global            :  0.000E+00
           Residual of DISPLACEMENT      :  0.000E+00

        |- TIME STEP NUMBER:            2
           Current time step dt =  1.000E-04
           Current time t       =  2.000E-04
           SOLIDZ:
           - Critical time step dtc:  9.572E-05
           - Ratio dt/dtc:            1.045E+00

           Global iteration number:     1, block number:  1
           Current CPU time:         5.948E+00
           Elapsed CPU time:         3.949E+00
           Residual of InPotential       :  0.000E+00
           Residual of ExPotential       :  0.000E+00
           Residual of Global            :  0.000E+00
           Residual of DISPLACEMENT      :  1.000E+00

        |- TIME STEP NUMBER:            3
           Current time step dt =  1.000E-04
           Current time t       =  3.000E-04
           SOLIDZ:
           - Critical time step dtc:  9.572E-05
           - Ratio dt/dtc:            1.045E+00

           Global iteration number:     1, block number:  1
           Current CPU time:         9.901E+00
           Elapsed CPU time:         3.954E+00
           Residual of InPotential       :  0.000E+00
           Residual of ExPotential       :  0.000E+00
           Residual of Global            :  0.000E+00
           Residual of DISPLACEMENT      :  6.970E-01

        |- TIME STEP NUMBER:            4
           Current time step dt =  1.000E-04
           Current time t       =  4.000E-04
           SOLIDZ:
           - Critical time step dtc:  9.572E-05
           - Ratio dt/dtc:            1.045E+00

           Global iteration number:     1, block number:  1
           Current CPU time:         1.303E+01
           Elapsed CPU time:         3.126E+00
           Residual of InPotential       :  0.000E+00
           Residual of ExPotential       :  0.000E+00
           Residual of Global            :  0.000E+00
           Residual of DISPLACEMENT      :  5.684E-01

        |- TIME STEP NUMBER:            5
           Current time step dt =  1.000E-04
           Current time t       =  5.000E-04
           SOLIDZ:
           - Critical time step dtc:  9.572E-05
           - Ratio dt/dtc:            1.045E+00

           Global iteration number:     1, block number:  1
           Current CPU time:         1.622E+01
           Elapsed CPU time:         3.193E+00
           Residual of InPotential       :  0.000E+00
           Residual of ExPotential       :  0.000E+00
           Residual of Global            :  0.000E+00
           Residual of DISPLACEMENT      :  4.758E-01

        |- TIME STEP NUMBER:            6
           Current time step dt =  1.000E-04
           Current time t       =  6.000E-04
           SOLIDZ:
           - Critical time step dtc:  9.572E-05
           - Ratio dt/dtc:            1.045E+00

           Global iteration number:     1, block number:  1
           Current CPU time:         1.941E+01
           Elapsed CPU time:         3.185E+00
           Residual of InPotential       :  0.000E+00
           Residual of ExPotential       :  0.000E+00
           Residual of Global            :  0.000E+00
           Residual of DISPLACEMENT      :  4.093E-01

        |- TIME STEP NUMBER:            7
           Current time step dt =  1.000E-04
           Current time t       =  7.000E-04
           SOLIDZ:
           - Critical time step dtc:  9.572E-05
           - Ratio dt/dtc:            1.045E+00

           Global iteration number:     1, block number:  1
           Current CPU time:         2.261E+01
           Elapsed CPU time:         3.205E+00
           Residual of InPotential       :  0.000E+00
           Residual of ExPotential       :  0.000E+00
           Residual of Global            :  0.000E+00
           Residual of DISPLACEMENT      :  3.590E-01

        |- TIME STEP NUMBER:            8
           Current time step dt =  1.000E-04
           Current time t       =  8.000E-04
           SOLIDZ:
           - Critical time step dtc:  9.572E-05
           - Ratio dt/dtc:            1.045E+00

           Global iteration number:     1, block number:  1
           Current CPU time:         2.495E+01
           Elapsed CPU time:         2.339E+00
           Residual of InPotential       :  0.000E+00
           Residual of ExPotential       :  0.000E+00
           Residual of Global            :  0.000E+00
           Residual of DISPLACEMENT      :  3.194E-01

        |- TIME STEP NUMBER:            9
           Current time step dt =  1.000E-04
           Current time t       =  9.000E-04
           SOLIDZ:
           - Critical time step dtc:  9.572E-05
           - Ratio dt/dtc:            1.045E+00

           Global iteration number:     1, block number:  1
           Current CPU time:         2.725E+01
           Elapsed CPU time:         2.301E+00
           Residual of InPotential       :  0.000E+00
           Residual of ExPotential       :  0.000E+00
           Residual of Global            :  0.000E+00
           Residual of DISPLACEMENT      :  2.834E-01

        |- TIME STEP NUMBER:           10
           Current time step dt =  1.000E-04
           Current time t       =  1.000E-03
           SOLIDZ:
           - Critical time step dtc:  9.572E-05
           - Ratio dt/dtc:            1.045E+00

           Global iteration number:     1, block number:  1
           Current CPU time:         2.959E+01
           Elapsed CPU time:         2.337E+00
           Residual of InPotential       :  0.000E+00
           Residual of ExPotential       :  0.000E+00
           Residual of Global            :  0.000E+00
           Residual of DISPLACEMENT      :  2.553E-01

        |- TIME STEP NUMBER:           11
           Current time step dt =  1.000E-04
           Current time t       =  1.100E-03
           SOLIDZ:
           - Critical time step dtc:  9.572E-05
           - Ratio dt/dtc:            1.045E+00

           Global iteration number:     1, block number:  1
           Current CPU time:         3.209E+01
           Elapsed CPU time:         2.499E+00
           Residual of InPotential       :  0.000E+00
           Residual of ExPotential       :  0.000E+00
           Residual of Global            :  0.000E+00
           Residual of DISPLACEMENT      :  2.309E-01

        |- TIME STEP NUMBER:           12
           Current time step dt =  1.000E-04
           Current time t       =  1.200E-03
           SOLIDZ:
           - Critical time step dtc:  9.572E-05
           - Ratio dt/dtc:            1.045E+00

           Global iteration number:     1, block number:  1
           Current CPU time:         3.462E+01
           Elapsed CPU time:         2.530E+00
           Residual of InPotential       :  0.000E+00
           Residual of ExPotential       :  0.000E+00
           Residual of Global            :  0.000E+00
           Residual of DISPLACEMENT      :  2.121E-01

        |- TIME STEP NUMBER:           13
           Current time step dt =  1.000E-04
           Current time t       =  1.300E-03
           SOLIDZ:
           - Critical time step dtc:  9.572E-05
           - Ratio dt/dtc:            1.045E+00

           Global iteration number:     1, block number:  1
           Current CPU time:         3.710E+01
           Elapsed CPU time:         2.480E+00
           Residual of InPotential       :  0.000E+00
           Residual of ExPotential       :  0.000E+00
           Residual of Global            :  0.000E+00
           Residual of DISPLACEMENT      :  1.952E-01

        |- TIME STEP NUMBER:           14
           Current time step dt =  1.000E-04
           Current time t       =  1.400E-03
           SOLIDZ:
           - Critical time step dtc:  9.572E-05
           - Ratio dt/dtc:            1.045E+00

           Global iteration number:     1, block number:  1
           Current CPU time:         3.952E+01
           Elapsed CPU time:         2.422E+00
           Residual of InPotential       :  0.000E+00
           Residual of ExPotential       :  0.000E+00
           Residual of Global            :  0.000E+00
           Residual of DISPLACEMENT      :  1.797E-01

        |- TIME STEP NUMBER:           15
           Current time step dt =  1.000E-04
           Current time t       =  1.500E-03
           SOLIDZ:
           - Critical time step dtc:  9.572E-05
           - Ratio dt/dtc:            1.045E+00

           Global iteration number:     1, block number:  1
           Current CPU time:         4.190E+01
           Elapsed CPU time:         2.382E+00
           Residual of InPotential       :  0.000E+00
           Residual of ExPotential       :  0.000E+00
           Residual of Global            :  0.000E+00
           Residual of DISPLACEMENT      :  1.659E-01

        |- TIME STEP NUMBER:           16
           Current time step dt =  1.000E-04
           Current time t       =  1.600E-03
           SOLIDZ:
           - Critical time step dtc:  9.572E-05
           - Ratio dt/dtc:            1.045E+00

           Global iteration number:     1, block number:  1
           Current CPU time:         4.338E+01
           Elapsed CPU time:         1.480E+00
           Residual of InPotential       :  0.000E+00
           Residual of ExPotential       :  0.000E+00
           Residual of Global            :  0.000E+00
           Residual of DISPLACEMENT      :  1.536E-01

        |- TIME STEP NUMBER:           17
           Current time step dt =  1.000E-04
           Current time t       =  1.700E-03
           SOLIDZ:
           - Critical time step dtc:  9.572E-05
           - Ratio dt/dtc:            1.045E+00

           Global iteration number:     1, block number:  1
           Current CPU time:         4.485E+01
           Elapsed CPU time:         1.466E+00
           Residual of InPotential       :  0.000E+00
           Residual of ExPotential       :  0.000E+00
           Residual of Global            :  0.000E+00
           Residual of DISPLACEMENT      :  1.356E-01

        |- TIME STEP NUMBER:           18
           Current time step dt =  1.000E-04
           Current time t       =  1.800E-03
           SOLIDZ:
           - Critical time step dtc:  9.572E-05
           - Ratio dt/dtc:            1.045E+00

           Global iteration number:     1, block number:  1
           Current CPU time:         4.632E+01
           Elapsed CPU time:         1.477E+00
           Residual of InPotential       :  0.000E+00
           Residual of ExPotential       :  0.000E+00
           Residual of Global            :  0.000E+00
           Residual of DISPLACEMENT      :  1.194E-01

        |- TIME STEP NUMBER:           19
           Current time step dt =  1.000E-04
           Current time t       =  1.900E-03
           SOLIDZ:
           - Critical time step dtc:  9.572E-05
           - Ratio dt/dtc:            1.045E+00

           Global iteration number:     1, block number:  1
           Current CPU time:         4.780E+01
           Elapsed CPU time:         1.476E+00
           Residual of InPotential       :  0.000E+00
           Residual of ExPotential       :  0.000E+00
           Residual of Global            :  0.000E+00
           Residual of DISPLACEMENT      :  1.066E-01

        |- TIME STEP NUMBER:           20
           Current time step dt =  1.000E-04
           Current time t       =  2.000E-03
           SOLIDZ:
           - Critical time step dtc:  9.572E-05
           - Ratio dt/dtc:            1.045E+00

           Global iteration number:     1, block number:  1
           Current CPU time:         4.926E+01
           Elapsed CPU time:         1.466E+00
           Residual of InPotential       :  0.000E+00
           Residual of ExPotential       :  0.000E+00
           Residual of Global            :  0.000E+00
           Residual of DISPLACEMENT      :  9.624E-02

        |- TIME STEP NUMBER:           21
           Current time step dt =  1.000E-04
           Current time t       =  2.100E-03
           SOLIDZ:
           - Critical time step dtc:  9.572E-05
           - Ratio dt/dtc:            1.045E+00

           Global iteration number:     1, block number:  1
           Current CPU time:         5.075E+01
           Elapsed CPU time:         1.481E+00
           Residual of InPotential       :  0.000E+00
           Residual of ExPotential       :  0.000E+00
           Residual of Global            :  0.000E+00
           Residual of DISPLACEMENT      :  8.773E-02

        |- TIME STEP NUMBER:           22
           Current time step dt =  1.000E-04
           Current time t       =  2.200E-03
           SOLIDZ:
           - Critical time step dtc:  9.572E-05
           - Ratio dt/dtc:            1.045E+00

           Global iteration number:     1, block number:  1
           Current CPU time:         5.224E+01
           Elapsed CPU time:         1.496E+00
           Residual of InPotential       :  0.000E+00
           Residual of ExPotential       :  0.000E+00
           Residual of Global            :  0.000E+00
           Residual of DISPLACEMENT      :  8.060E-02

        |- TIME STEP NUMBER:           23
           Current time step dt =  1.000E-04
           Current time t       =  2.300E-03
           SOLIDZ:
           - Critical time step dtc:  9.572E-05
           - Ratio dt/dtc:            1.045E+00

           Global iteration number:     1, block number:  1
           Current CPU time:         5.372E+01
           Elapsed CPU time:         1.481E+00
           Residual of InPotential       :  0.000E+00
           Residual of ExPotential       :  0.000E+00
           Residual of Global            :  0.000E+00
           Residual of DISPLACEMENT      :  7.453E-02

        |- TIME STEP NUMBER:           24
           Current time step dt =  1.000E-04
           Current time t       =  2.400E-03
           SOLIDZ:
           - Critical time step dtc:  9.572E-05
           - Ratio dt/dtc:            1.045E+00

           Global iteration number:     1, block number:  1
           Current CPU time:         5.526E+01
           Elapsed CPU time:         1.533E+00
           Residual of InPotential       :  0.000E+00
           Residual of ExPotential       :  0.000E+00
           Residual of Global            :  0.000E+00
           Residual of DISPLACEMENT      :  6.931E-02

        |- TIME STEP NUMBER:           25
           Current time step dt =  1.000E-04
           Current time t       =  2.500E-03
           SOLIDZ:
           - Critical time step dtc:  9.572E-05
           - Ratio dt/dtc:            1.045E+00

           Global iteration number:     1, block number:  1
           Current CPU time:         5.677E+01
           Elapsed CPU time:         1.510E+00
           Residual of InPotential       :  0.000E+00
           Residual of ExPotential       :  0.000E+00
           Residual of Global            :  0.000E+00
           Residual of DISPLACEMENT      :  6.477E-02

        |- TIME STEP NUMBER:           26
           Current time step dt =  1.000E-04
           Current time t       =  2.600E-03
           SOLIDZ:
           - Critical time step dtc:  9.572E-05
           - Ratio dt/dtc:            1.045E+00

           Global iteration number:     1, block number:  1
           Current CPU time:         5.826E+01
           Elapsed CPU time:         1.494E+00
           Residual of InPotential       :  0.000E+00
           Residual of ExPotential       :  0.000E+00
           Residual of Global            :  0.000E+00
           Residual of DISPLACEMENT      :  6.078E-02

        |- TIME STEP NUMBER:           27
           Current time step dt =  1.000E-04
           Current time t       =  2.700E-03
